# Logfile created on 2012-01-23 12:48:03 +0000 by logger.rb/25413
Nyx::SubSystemManager loading subsystem '/Users/phil/Sites/nyx/sub_systems/campfire/campfire.rb'
Nyx::SubSystemManager loading subsystem '/Users/phil/Sites/nyx/sub_systems/pinger/pinger.rb'
Nyx::SubSystemManager loading subsystem '/Users/phil/Sites/nyx/sub_systems/profanity/profanity.rb'
Nyx::SubSystemManager loading subsystem '/Users/phil/Sites/nyx/sub_systems/status/status.rb'
#<Hashie::Mash body=nil created_at=2012-01-23 12:48:35 +0000 id=485711782 room_id=466765 starred="false" type="EnterMessage" user=#<Hashie::Mash admin=true avatar_url="http://asset0.37img.com/global/missing/avatar.gif?r=3" created_at=2012-01-08 10:42:56 +0000 email_address="phil@maniacalrobot.co.uk" id=1094437 name="Phil Balchin" type="Member">>
#<Hashie::Mash body="Hello" created_at=2012-01-23 12:48:39 +0000 id=485711801 room_id=466765 starred="false" type="TextMessage" user=#<Hashie::Mash admin=false avatar_url="http://asset0.37img.com/global/missing/avatar.gif?r=3" created_at=2012-01-14 21:46:05 +0000 email_address="nyx@maniacalrobot.co.uk" id=1100831 name="Nyx" type="Member">>
#<Hashie::Mash body="Campfire is just one of many simple and easy to use web-based tools designed by <a href=\"http://www.37signals.com\" target=_blank>37signals</a>." created_at=2012-01-23 12:48:39 +0000 id=485711802 room_id=466765 starred="false" type="AdvertisementMessage" user=nil>
Nyx::SubSystemManager loading subsystem '/Users/phil/Sites/nyx/sub_systems/campfire/campfire.rb'
Nyx::SubSystemManager loading subsystem '/Users/phil/Sites/nyx/sub_systems/ping/ping.rb'
Nyx::SubSystemManager loading subsystem '/Users/phil/Sites/nyx/sub_systems/pinger/pinger.rb'
Nyx::SubSystemManager loading subsystem '/Users/phil/Sites/nyx/sub_systems/profanity/profanity.rb'
Nyx::SubSystemManager loading subsystem '/Users/phil/Sites/nyx/sub_systems/status/status.rb'
#<Hashie::Mash body="ping" created_at=2012-03-18 21:23:31 +0000 id=524776875 room_id=474233 starred="false" type="TextMessage" user=#<Hashie::Mash admin=true avatar_url="http://asset0.37img.com/global/missing/avatar.gif?r=3" created_at=2012-01-08 10:42:56 +0000 email_address="phil@maniacalrobot.co.uk" id=1094437 name="Phil Balchin" type="Member">>
#process_text_message #<Hashie::Mash body="ping" created_at=2012-03-18 21:23:31 +0000 id=524776875 room_id=474233 starred="false" type="TextMessage" user=#<Hashie::Mash admin=true avatar_url="http://asset0.37img.com/global/missing/avatar.gif?r=3" created_at=2012-01-08 10:42:56 +0000 email_address="phil@maniacalrobot.co.uk" id=1094437 name="Phil Balchin" type="Member">>
Nyx::SubSystemManager loading subsystem '/Users/phil/Sites/nyx/sub_systems/campfire/campfire.rb'
Nyx::SubSystemManager loading subsystem '/Users/phil/Sites/nyx/sub_systems/ping/ping.rb'
Nyx::SubSystemManager loading subsystem '/Users/phil/Sites/nyx/sub_systems/pinger/pinger.rb'
Nyx::SubSystemManager loading subsystem '/Users/phil/Sites/nyx/sub_systems/profanity/profanity.rb'
Nyx::SubSystemManager loading subsystem '/Users/phil/Sites/nyx/sub_systems/status/status.rb'
#<Hashie::Mash body=nil created_at=2012-03-18 21:25:00 +0000 id=524777525 room_id=474233 starred="false" type="TimestampMessage" user=nil>
#<Hashie::Mash body="ping" created_at=2012-03-18 21:25:54 +0000 id=524777526 room_id=474233 starred="false" type="TextMessage" user=#<Hashie::Mash admin=true avatar_url="http://asset0.37img.com/global/missing/avatar.gif?r=3" created_at=2012-01-08 10:42:56 +0000 email_address="phil@maniacalrobot.co.uk" id=1094437 name="Phil Balchin" type="Member">>
#process_text_message #<Hashie::Mash body="ping" created_at=2012-03-18 21:25:54 +0000 id=524777526 room_id=474233 starred="false" type="TextMessage" user=#<Hashie::Mash admin=true avatar_url="http://asset0.37img.com/global/missing/avatar.gif?r=3" created_at=2012-01-08 10:42:56 +0000 email_address="phil@maniacalrobot.co.uk" id=1094437 name="Phil Balchin" type="Member">>
ping received
Nyx::SubSystemManager loading subsystem '/Users/phil/Sites/nyx/sub_systems/campfire/campfire.rb'
Nyx::SubSystemManager loading subsystem '/Users/phil/Sites/nyx/sub_systems/ping/ping.rb'
Nyx::SubSystemManager loading subsystem '/Users/phil/Sites/nyx/sub_systems/pinger/pinger.rb'
Nyx::SubSystemManager loading subsystem '/Users/phil/Sites/nyx/sub_systems/profanity/profanity.rb'
Nyx::SubSystemManager loading subsystem '/Users/phil/Sites/nyx/sub_systems/status/status.rb'
#<Hashie::Mash body=nil created_at=2012-03-18 21:35:00 +0000 id=524780806 room_id=474233 starred="false" type="TimestampMessage" user=nil>
#<Hashie::Mash body="ping" created_at=2012-03-18 21:37:46 +0000 id=524780807 room_id=474233 starred="false" type="TextMessage" user=#<Hashie::Mash admin=true avatar_url="http://asset0.37img.com/global/missing/avatar.gif?r=3" created_at=2012-01-08 10:42:56 +0000 email_address="phil@maniacalrobot.co.uk" id=1094437 name="Phil Balchin" type="Member">>
#process_text_message #<Hashie::Mash body="ping" created_at=2012-03-18 21:37:46 +0000 id=524780807 room_id=474233 starred="false" type="TextMessage" user=#<Hashie::Mash admin=true avatar_url="http://asset0.37img.com/global/missing/avatar.gif?r=3" created_at=2012-01-08 10:42:56 +0000 email_address="phil@maniacalrobot.co.uk" id=1094437 name="Phil Balchin" type="Member">>
ping received
Reply: #<Nyx::Message:0x007fdf8ce96628>
Nyx::SubSystemManager loading subsystem '/Users/phil/Sites/nyx/sub_systems/campfire/campfire.rb'
Nyx::SubSystemManager loading subsystem '/Users/phil/Sites/nyx/sub_systems/ping/ping.rb'
Nyx::SubSystemManager loading subsystem '/Users/phil/Sites/nyx/sub_systems/pinger/pinger.rb'
Nyx::SubSystemManager loading subsystem '/Users/phil/Sites/nyx/sub_systems/profanity/profanity.rb'
Nyx::SubSystemManager loading subsystem '/Users/phil/Sites/nyx/sub_systems/status/status.rb'
#<Hashie::Mash body=nil created_at=2012-03-18 21:40:00 +0000 id=524782022 room_id=474233 starred="false" type="TimestampMessage" user=nil>
#<Hashie::Mash body="ping" created_at=2012-03-18 21:41:41 +0000 id=524782023 room_id=474233 starred="false" type="TextMessage" user=#<Hashie::Mash admin=true avatar_url="http://asset0.37img.com/global/missing/avatar.gif?r=3" created_at=2012-01-08 10:42:56 +0000 email_address="phil@maniacalrobot.co.uk" id=1094437 name="Phil Balchin" type="Member">>
#process_text_message #<Hashie::Mash body="ping" created_at=2012-03-18 21:41:41 +0000 id=524782023 room_id=474233 starred="false" type="TextMessage" user=#<Hashie::Mash admin=true avatar_url="http://asset0.37img.com/global/missing/avatar.gif?r=3" created_at=2012-01-08 10:42:56 +0000 email_address="phil@maniacalrobot.co.uk" id=1094437 name="Phil Balchin" type="Member">>
ping received
Reply: #<Nyx::Message:0x007fd3c46b94d8>
#<Campfire:0x007fd3c5453300>
#<Hashie::Mash body="ping" created_at=2012-03-18 21:41:58 +0000 id=524782104 room_id=474233 starred="false" type="TextMessage" user=#<Hashie::Mash admin=true avatar_url="http://asset0.37img.com/global/missing/avatar.gif?r=3" created_at=2012-01-08 10:42:56 +0000 email_address="phil@maniacalrobot.co.uk" id=1094437 name="Phil Balchin" type="Member">>
#process_text_message #<Hashie::Mash body="ping" created_at=2012-03-18 21:41:58 +0000 id=524782104 room_id=474233 starred="false" type="TextMessage" user=#<Hashie::Mash admin=true avatar_url="http://asset0.37img.com/global/missing/avatar.gif?r=3" created_at=2012-01-08 10:42:56 +0000 email_address="phil@maniacalrobot.co.uk" id=1094437 name="Phil Balchin" type="Member">>
ping received
Reply: #<Nyx::Message:0x007fd3c4675d00>
#<Campfire:0x007fd3c5453300>
Nyx::SubSystemManager loading subsystem '/Users/phil/Sites/nyx/sub_systems/campfire/campfire.rb'
Nyx::SubSystemManager loading subsystem '/Users/phil/Sites/nyx/sub_systems/ping/ping.rb'
Nyx::SubSystemManager loading subsystem '/Users/phil/Sites/nyx/sub_systems/pinger/pinger.rb'
Nyx::SubSystemManager loading subsystem '/Users/phil/Sites/nyx/sub_systems/profanity/profanity.rb'
Nyx::SubSystemManager loading subsystem '/Users/phil/Sites/nyx/sub_systems/status/status.rb'
#<Hashie::Mash body="ping" created_at=2012-03-18 21:44:56 +0000 id=524782806 room_id=474233 starred="false" type="TextMessage" user=#<Hashie::Mash admin=true avatar_url="http://asset0.37img.com/global/missing/avatar.gif?r=3" created_at=2012-01-08 10:42:56 +0000 email_address="phil@maniacalrobot.co.uk" id=1094437 name="Phil Balchin" type="Member">>
#process_text_message #<Hashie::Mash body="ping" created_at=2012-03-18 21:44:56 +0000 id=524782806 room_id=474233 starred="false" type="TextMessage" user=#<Hashie::Mash admin=true avatar_url="http://asset0.37img.com/global/missing/avatar.gif?r=3" created_at=2012-01-08 10:42:56 +0000 email_address="phil@maniacalrobot.co.uk" id=1094437 name="Phil Balchin" type="Member">>
ping received
Reply: #<Nyx::Message:0x007faf14f468f0>
campfire #<Campfire:0x007faf15bd1598>
rooms: [#<Tinder::Room:0x007faf158a0ab8 @connection=#<Tinder::Connection:0x007faf15bd14a8 @subdomain="maniacalrobot", @options={:ssl=>true, :ssl_options=>{:verify=>true}, :proxy=>nil, :token=>"24812604289b7332546dbb4fcbea1502115698b4"}, @uri=#<URI::HTTPS:0x007faf15bd0e40 URL:https://maniacalrobot.campfirenow.com>, @token="24812604289b7332546dbb4fcbea1502115698b4", @connection=#<Faraday::Connection:0x007faf15904b80 @headers={"authorization"=>"Basic MjQ4MTI2MDQyODliNzMzMjU0NmRiYjRmY2JlYTE1MDIxMTU2OThiNDpY"}, @params={}, @options={}, @ssl={:verify=>true}, @parallel_manager=nil, @scheme="https", @port=nil, @host="maniacalrobot.campfirenow.com", @path_prefix="/", @proxy=nil, @builder=#<Faraday::Builder:0x007faf15904bf8 @handlers=[Faraday::Request::JSON, Faraday::Response::Mashify, Faraday::Response::ParseJson, Faraday::Response::RemoveWhitespace, Faraday::Response::RaiseOnAuthenticationFailure, Faraday::Adapter::NetHttp]>, @app=#<Faraday::Request::JSON:0x007faf158fe1b8 @app=#<Faraday::Response::Mashify:0x007faf158fe1e0 @app=#<Faraday::Response::ParseJson:0x007faf158fe208 @app=#<Faraday::Response::RemoveWhitespace:0x007faf158fe320 @app=#<Faraday::Response::RaiseOnAuthenticationFailure:0x007faf158fe460 @app=#<Faraday::Adapter::NetHttp:0x007faf158fe488 @app=#<Proc:0x007faf158fe668@/Users/phil/.rvm/gems/ruby-1.9.2-p290@nyx/gems/faraday-0.7.6/lib/faraday/connection.rb:82 (lambda)>>>>>>>>, @raw_connection=#<Faraday::Connection:0x007faf15901660 @headers={"authorization"=>"Basic MjQ4MTI2MDQyODliNzMzMjU0NmRiYjRmY2JlYTE1MDIxMTU2OThiNDpY"}, @params={}, @options={}, @ssl={:verify=>true}, @parallel_manager=nil, @scheme="https", @port=nil, @host="maniacalrobot.campfirenow.com", @path_prefix="/", @proxy=nil, @builder=#<Faraday::Builder:0x007faf15901750 @handlers=[Faraday::Response::Mashify, Faraday::Response::ParseJson, Faraday::Response::RemoveWhitespace, Faraday::Response::RaiseOnAuthenticationFailure, Faraday::Adapter::NetHttp]>>>, @id=474233, @name="Nyx Development", @loaded=true, @stream=#<Twitter::JSONStream:0x007faf14f32a80 @signature=3, @options={:method=>"GET", :path=>"/room/474233/live.json", :content_type=>"application/x-www-form-urlencoded", :content=>"", :host=>"streaming.campfirenow.com", :port=>443, :ssl=>true, :user_agent=>"TwitterStream", :timeout=>6, :proxy=>nil, :auth=>"24812604289b7332546dbb4fcbea1502115698b4:X", :oauth=>{}, :filters=>[], :params=>{}, :auto_reconnect=>true}, @gracefully_closed=false, @nf_last_reconnect=nil, @af_last_reconnect=nil, @reconnect_retries=0, @immediate_reconnect=false, @on_inited_callback=nil, @code=200, @headers={"Server"=>"nginx/1.0.14", "Date"=>"Sun, 18 Mar 2012 21:44:39 GMT", "Content-Type"=>"application/json", "Transfer-Encoding"=>"chunked", "Connection"=>"keep-alive"}, @state=:stream, @buffer=#<BufferedTokenizer:0x007faf14f32788 @delimiter="\r", @size_limit=1048576, @input=[""], @input_size=0>, @stream="", @parser=#<HTTP::Parser:0x007faf14f32418>, @each_item_callback=#<Proc:0x007faf14f25b00@/Users/phil/.rvm/gems/ruby-1.9.2-p290@nyx/gems/tinder-1.8.0/lib/tinder/room.rb:154>, @error_callback=#<Proc:0x007faf14f25ad8@/Users/phil/.rvm/gems/ruby-1.9.2-p290@nyx/gems/tinder-1.8.0/lib/tinder/room.rb:161>, @max_reconnects_callback=#<Proc:0x007faf14f25a60@/Users/phil/.rvm/gems/ruby-1.9.2-p290@nyx/gems/tinder-1.8.0/lib/tinder/room.rb:165>>, @topic="", @full=false, @open_to_guests=false, @active_token_value=nil, @users=[#<Hashie::Mash admin=true avatar_url="http://asset0.37img.com/global/missing/avatar.gif?r=3" created_at=2012-01-08 10:42:56 +0000 email_address="phil@maniacalrobot.co.uk" id=1094437 name="Phil Balchin" type="Member">, #<Hashie::Mash admin=false avatar_url="http://asset0.37img.com/global/missing/avatar.gif?r=3" created_at="2012/01/14 21:46:05 +0000" email_address="nyx@maniacalrobot.co.uk" id=1100831 name="Nyx" type="Member">]>]
Nyx::SubSystemManager loading subsystem '/Users/phil/Sites/nyx/sub_systems/campfire/campfire.rb'
New Room ID 474233
Nyx::SubSystemManager loading subsystem '/Users/phil/Sites/nyx/sub_systems/ping/ping.rb'
Nyx::SubSystemManager loading subsystem '/Users/phil/Sites/nyx/sub_systems/pinger/pinger.rb'
Nyx::SubSystemManager loading subsystem '/Users/phil/Sites/nyx/sub_systems/profanity/profanity.rb'
Nyx::SubSystemManager loading subsystem '/Users/phil/Sites/nyx/sub_systems/status/status.rb'
#<Hashie::Mash body=nil created_at=2012-03-18 21:45:00 +0000 id=524783470 room_id=474233 starred="false" type="TimestampMessage" user=nil>
#<Hashie::Mash body="ping" created_at=2012-03-18 21:47:59 +0000 id=524783471 room_id=474233 starred="false" type="TextMessage" user=#<Hashie::Mash admin=true avatar_url="http://asset0.37img.com/global/missing/avatar.gif?r=3" created_at=2012-01-08 10:42:56 +0000 email_address="phil@maniacalrobot.co.uk" id=1094437 name="Phil Balchin" type="Member">>
#process_text_message #<Hashie::Mash body="ping" created_at=2012-03-18 21:47:59 +0000 id=524783471 room_id=474233 starred="false" type="TextMessage" user=#<Hashie::Mash admin=true avatar_url="http://asset0.37img.com/global/missing/avatar.gif?r=3" created_at=2012-01-08 10:42:56 +0000 email_address="phil@maniacalrobot.co.uk" id=1094437 name="Phil Balchin" type="Member">>
sending message
ping received
Reply: #<Nyx::Message:0x007fd300f9c858>
campfire #<Campfire:0x007fd3023e33e8>
rooms: [#<Tinder::Room:0x007fd302116f98 @connection=#<Tinder::Connection:0x007fd3023e3230 @subdomain="maniacalrobot", @options={:ssl=>true, :ssl_options=>{:verify=>true}, :proxy=>nil, :token=>"24812604289b7332546dbb4fcbea1502115698b4"}, @uri=#<URI::HTTPS:0x007fd3023e2ba0 URL:https://maniacalrobot.campfirenow.com>, @token="24812604289b7332546dbb4fcbea1502115698b4", @connection=#<Faraday::Connection:0x007fd30218c180 @headers={"authorization"=>"Basic MjQ4MTI2MDQyODliNzMzMjU0NmRiYjRmY2JlYTE1MDIxMTU2OThiNDpY"}, @params={}, @options={}, @ssl={:verify=>true}, @parallel_manager=nil, @scheme="https", @port=nil, @host="maniacalrobot.campfirenow.com", @path_prefix="/", @proxy=nil, @builder=#<Faraday::Builder:0x007fd30218c298 @handlers=[Faraday::Request::JSON, Faraday::Response::Mashify, Faraday::Response::ParseJson, Faraday::Response::RemoveWhitespace, Faraday::Response::RaiseOnAuthenticationFailure, Faraday::Adapter::NetHttp]>, @app=#<Faraday::Request::JSON:0x007fd302179d28 @app=#<Faraday::Response::Mashify:0x007fd302179d50 @app=#<Faraday::Response::ParseJson:0x007fd302179d78 @app=#<Faraday::Response::RemoveWhitespace:0x007fd302179da0 @app=#<Faraday::Response::RaiseOnAuthenticationFailure:0x007fd302179dc8 @app=#<Faraday::Adapter::NetHttp:0x007fd302179e68 @app=#<Proc:0x007fd30217a020@/Users/phil/.rvm/gems/ruby-1.9.2-p290@nyx/gems/faraday-0.7.6/lib/faraday/connection.rb:82 (lambda)>>>>>>>>, @raw_connection=#<Faraday::Connection:0x007fd30217bab0 @headers={"authorization"=>"Basic MjQ4MTI2MDQyODliNzMzMjU0NmRiYjRmY2JlYTE1MDIxMTU2OThiNDpY"}, @params={}, @options={}, @ssl={:verify=>true}, @parallel_manager=nil, @scheme="https", @port=nil, @host="maniacalrobot.campfirenow.com", @path_prefix="/", @proxy=nil, @builder=#<Faraday::Builder:0x007fd30217bbc8 @handlers=[Faraday::Response::Mashify, Faraday::Response::ParseJson, Faraday::Response::RemoveWhitespace, Faraday::Response::RaiseOnAuthenticationFailure, Faraday::Adapter::NetHttp]>>>, @id=474233, @name="Nyx Development", @loaded=true, @stream=#<Twitter::JSONStream:0x007fd300f8f338 @signature=3, @options={:method=>"GET", :path=>"/room/474233/live.json", :content_type=>"application/x-www-form-urlencoded", :content=>"", :host=>"streaming.campfirenow.com", :port=>443, :ssl=>true, :user_agent=>"TwitterStream", :timeout=>6, :proxy=>nil, :auth=>"24812604289b7332546dbb4fcbea1502115698b4:X", :oauth=>{}, :filters=>[], :params=>{}, :auto_reconnect=>true}, @gracefully_closed=false, @nf_last_reconnect=nil, @af_last_reconnect=nil, @reconnect_retries=0, @immediate_reconnect=false, @on_inited_callback=nil, @code=200, @headers={"Server"=>"nginx/1.0.14", "Date"=>"Sun, 18 Mar 2012 21:47:48 GMT", "Content-Type"=>"application/json", "Transfer-Encoding"=>"chunked", "Connection"=>"keep-alive"}, @state=:stream, @buffer=#<BufferedTokenizer:0x007fd300f8f0b8 @delimiter="\r", @size_limit=1048576, @input=[""], @input_size=0>, @stream="", @parser=#<HTTP::Parser:0x007fd300f8f018>, @each_item_callback=#<Proc:0x007fd300f8ed48@/Users/phil/.rvm/gems/ruby-1.9.2-p290@nyx/gems/tinder-1.8.0/lib/tinder/room.rb:154>, @error_callback=#<Proc:0x007fd300f8ecf8@/Users/phil/.rvm/gems/ruby-1.9.2-p290@nyx/gems/tinder-1.8.0/lib/tinder/room.rb:161>, @max_reconnects_callback=#<Proc:0x007fd300f8ebe0@/Users/phil/.rvm/gems/ruby-1.9.2-p290@nyx/gems/tinder-1.8.0/lib/tinder/room.rb:165>>, @topic="", @full=false, @open_to_guests=false, @active_token_value=nil, @users=[#<Hashie::Mash admin=true avatar_url="http://asset0.37img.com/global/missing/avatar.gif?r=3" created_at=2012-01-08 10:42:56 +0000 email_address="phil@maniacalrobot.co.uk" id=1094437 name="Phil Balchin" type="Member">, #<Hashie::Mash admin=false avatar_url="http://asset0.37img.com/global/missing/avatar.gif?r=3" created_at="2012/01/14 21:46:05 +0000" email_address="nyx@maniacalrobot.co.uk" id=1100831 name="Nyx" type="Member">]>]
#<Hashie::Mash body=nil created_at=2012-03-18 22:05:00 +0000 id=524788857 room_id=474233 starred="false" type="TimestampMessage" user=nil>
#<Hashie::Mash body=nil created_at=2012-03-18 22:05:20 +0000 id=524788858 room_id=474233 starred="false" type="LeaveMessage" user=#<Hashie::Mash admin=false avatar_url="http://asset0.37img.com/global/missing/avatar.gif?r=3" created_at=2012-01-14 21:46:05 +0000 email_address="nyx@maniacalrobot.co.uk" id=1100831 name="Nyx" type="Member">>
#<Hashie::Mash body=nil created_at=2012-03-18 22:05:31 +0000 id=524788916 room_id=474233 starred="false" type="EnterMessage" user=#<Hashie::Mash admin=false avatar_url="http://asset0.37img.com/global/missing/avatar.gif?r=3" created_at=2012-01-14 21:46:05 +0000 email_address="nyx@maniacalrobot.co.uk" id=1100831 name="Nyx" type="Member">>
#<Hashie::Mash body="Hello #<Hashie::Mash body=nil created_at=2012-03-18 22:05:31 +0000 id=524788916 room_id=474233 starred=\"false\" type=\"EnterMessage\" user=#<Hashie::Mash admin=false avatar_url=\"http://asset0.37img.com/global/missing/avatar.gif?r=3\" created_at=2012-01-14 21:46:05 +0000 email_address=\"nyx@maniacalrobot.co.uk\" id=1100831 name=\"Nyx\" type=\"Member\">>" created_at=2012-03-18 22:05:33 +0000 id=524788926 room_id=474233 starred="false" type="TextMessage" user=#<Hashie::Mash admin=false avatar_url="http://asset0.37img.com/global/missing/avatar.gif?r=3" created_at=2012-01-14 21:46:05 +0000 email_address="nyx@maniacalrobot.co.uk" id=1100831 name="Nyx" type="Member">>
#process_text_message #<Hashie::Mash body="Hello #<Hashie::Mash body=nil created_at=2012-03-18 22:05:31 +0000 id=524788916 room_id=474233 starred=\"false\" type=\"EnterMessage\" user=#<Hashie::Mash admin=false avatar_url=\"http://asset0.37img.com/global/missing/avatar.gif?r=3\" created_at=2012-01-14 21:46:05 +0000 email_address=\"nyx@maniacalrobot.co.uk\" id=1100831 name=\"Nyx\" type=\"Member\">>" created_at=2012-03-18 22:05:33 +0000 id=524788926 room_id=474233 starred="false" type="TextMessage" user=#<Hashie::Mash admin=false avatar_url="http://asset0.37img.com/global/missing/avatar.gif?r=3" created_at=2012-01-14 21:46:05 +0000 email_address="nyx@maniacalrobot.co.uk" id=1100831 name="Nyx" type="Member">>
#<Hashie::Mash body="Foo" created_at=2012-03-18 22:05:43 +0000 id=524788968 room_id=474233 starred="false" type="TextMessage" user=#<Hashie::Mash admin=false avatar_url="http://asset0.37img.com/global/missing/avatar.gif?r=3" created_at=2012-01-14 21:46:05 +0000 email_address="nyx@maniacalrobot.co.uk" id=1100831 name="Nyx" type="Member">>
#process_text_message #<Hashie::Mash body="Foo" created_at=2012-03-18 22:05:43 +0000 id=524788968 room_id=474233 starred="false" type="TextMessage" user=#<Hashie::Mash admin=false avatar_url="http://asset0.37img.com/global/missing/avatar.gif?r=3" created_at=2012-01-14 21:46:05 +0000 email_address="nyx@maniacalrobot.co.uk" id=1100831 name="Nyx" type="Member">>
Nyx::SubSystemManager loading subsystem '/Users/phil/Sites/nyx/sub_systems/campfire/campfire.rb'
Nyx::SubSystemManager loading subsystem '/Users/phil/Sites/nyx/sub_systems/campfire/campfire.rb'
Nyx::SubSystemManager loading subsystem '/Users/phil/Sites/nyx/sub_systems/campfire/campfire.rb'
Nyx::SubSystemManager loading subsystem '/Users/phil/Sites/nyx/sub_systems/campfire/campfire.rb'
Nyx::SubSystemManager loading subsystem '/Users/phil/Sites/nyx/sub_systems/campfire/campfire.rb'
Nyx::SubSystemManager loading subsystem '/Users/phil/Sites/nyx/sub_systems/campfire/campfire.rb'
New Room ID 474233
Nyx::SubSystemManager loading subsystem '/Users/phil/Sites/nyx/sub_systems/ping/ping.rb'
Nyx::SubSystemManager loading subsystem '/Users/phil/Sites/nyx/sub_systems/pinger/pinger.rb'
Nyx::SubSystemManager loading subsystem '/Users/phil/Sites/nyx/sub_systems/profanity/profanity.rb'
Nyx::SubSystemManager loading subsystem '/Users/phil/Sites/nyx/sub_systems/status/status.rb'
#<Hashie::Mash body=nil created_at=2012-03-19 22:30:00 +0000 id=525577196 room_id=474233 starred="false" type="TimestampMessage" user=nil>
#<Hashie::Mash body="fping" created_at=2012-03-19 22:32:53 +0000 id=525577197 room_id=474233 starred="false" type="TextMessage" user=#<Hashie::Mash admin=true avatar_url="http://asset0.37img.com/global/missing/avatar.gif?r=3" created_at=2012-01-08 10:42:56 +0000 email_address="phil@maniacalrobot.co.uk" id=1094437 name="Phil Balchin" type="Member">>
#process_text_message #<Hashie::Mash body="fping" created_at=2012-03-19 22:32:53 +0000 id=525577197 room_id=474233 starred="false" type="TextMessage" user=#<Hashie::Mash admin=true avatar_url="http://asset0.37img.com/global/missing/avatar.gif?r=3" created_at=2012-01-08 10:42:56 +0000 email_address="phil@maniacalrobot.co.uk" id=1094437 name="Phil Balchin" type="Member">>
From Room 474233
sending message
#<Hashie::Mash body="Upgrade your Campfire account and say good-bye to ads. You'll also get more disk space, more chatters, SSL (on Plus and Premium plans), the ability to upload your own logo, and more. <strong>UPGRADE SPECIAL:</strong> Upgrade today and save $10 on your first month. Just enter coupon code CHATAD on the upgrade screen. To upgrade click the Account tab above." created_at=2012-03-19 22:32:53 +0000 id=525577198 room_id=474233 starred="false" type="AdvertisementMessage" user=nil>
ping received
Reply: #<Nyx::Message:0x007f95fb1ee478>
campfire #<Campfire:0x007f95fb4803a8>
rooms: [#<Tinder::Room:0x007f95fb3aaa00 @connection=#<Tinder::Connection:0x007f95fb480128 @subdomain="maniacalrobot", @options={:ssl=>true, :ssl_options=>{:verify=>true}, :proxy=>nil, :token=>"24812604289b7332546dbb4fcbea1502115698b4"}, @uri=#<URI::HTTPS:0x007f95fb47f070 URL:https://maniacalrobot.campfirenow.com>, @token="24812604289b7332546dbb4fcbea1502115698b4", @connection=#<Faraday::Connection:0x007f95fb3c5eb8 @headers={"authorization"=>"Basic MjQ4MTI2MDQyODliNzMzMjU0NmRiYjRmY2JlYTE1MDIxMTU2OThiNDpY"}, @params={}, @options={}, @ssl={:verify=>true}, @parallel_manager=nil, @scheme="https", @port=nil, @host="maniacalrobot.campfirenow.com", @path_prefix="/", @proxy=nil, @builder=#<Faraday::Builder:0x007f95fb3c5f30 @handlers=[Faraday::Request::JSON, Faraday::Response::Mashify, Faraday::Response::ParseJson, Faraday::Response::RemoveWhitespace, Faraday::Response::RaiseOnAuthenticationFailure, Faraday::Adapter::NetHttp]>, @app=#<Faraday::Request::JSON:0x007f95fb3c2b50 @app=#<Faraday::Response::Mashify:0x007f95fb3c2b78 @app=#<Faraday::Response::ParseJson:0x007f95fb3c2bc8 @app=#<Faraday::Response::RemoveWhitespace:0x007f95fb3c2bf0 @app=#<Faraday::Response::RaiseOnAuthenticationFailure:0x007f95fb3c2c18 @app=#<Faraday::Adapter::NetHttp:0x007f95fb3c2c68 @app=#<Proc:0x007f95fb3c2ce0@/Users/phil/.rvm/gems/ruby-1.9.2-p290@nyx/gems/faraday-0.7.6/lib/faraday/connection.rb:82 (lambda)>>>>>>>>, @raw_connection=#<Faraday::Connection:0x007f95fb3c4450 @headers={"authorization"=>"Basic MjQ4MTI2MDQyODliNzMzMjU0NmRiYjRmY2JlYTE1MDIxMTU2OThiNDpY"}, @params={}, @options={}, @ssl={:verify=>true}, @parallel_manager=nil, @scheme="https", @port=nil, @host="maniacalrobot.campfirenow.com", @path_prefix="/", @proxy=nil, @builder=#<Faraday::Builder:0x007f95fb3c44c8 @handlers=[Faraday::Response::Mashify, Faraday::Response::ParseJson, Faraday::Response::RemoveWhitespace, Faraday::Response::RaiseOnAuthenticationFailure, Faraday::Adapter::NetHttp]>>>, @id=474233, @name="Nyx Development", @loaded=true, @stream=#<Twitter::JSONStream:0x007f95fb2e4648 @signature=3, @options={:method=>"GET", :path=>"/room/474233/live.json", :content_type=>"application/x-www-form-urlencoded", :content=>"", :host=>"streaming.campfirenow.com", :port=>443, :ssl=>true, :user_agent=>"TwitterStream", :timeout=>6, :proxy=>nil, :auth=>"24812604289b7332546dbb4fcbea1502115698b4:X", :oauth=>{}, :filters=>[], :params=>{}, :auto_reconnect=>true}, @gracefully_closed=false, @nf_last_reconnect=nil, @af_last_reconnect=nil, @reconnect_retries=0, @immediate_reconnect=false, @on_inited_callback=nil, @code=200, @headers={"Server"=>"nginx/1.0.14", "Date"=>"Mon, 19 Mar 2012 22:28:01 GMT", "Content-Type"=>"application/json", "Transfer-Encoding"=>"chunked", "Connection"=>"keep-alive"}, @state=:stream, @buffer=#<BufferedTokenizer:0x007f95fb2e43c8 @delimiter="\r", @size_limit=1048576, @input=[""], @input_size=0>, @stream="", @parser=#<HTTP::Parser:0x007f95fb2e41e8>, @each_item_callback=#<Proc:0x007f95fb2e3e78@/Users/phil/.rvm/gems/ruby-1.9.2-p290@nyx/gems/tinder-1.8.0/lib/tinder/room.rb:154>, @error_callback=#<Proc:0x007f95fb2e3e50@/Users/phil/.rvm/gems/ruby-1.9.2-p290@nyx/gems/tinder-1.8.0/lib/tinder/room.rb:161>, @max_reconnects_callback=#<Proc:0x007f95fb2e3e00@/Users/phil/.rvm/gems/ruby-1.9.2-p290@nyx/gems/tinder-1.8.0/lib/tinder/room.rb:165>>, @topic="", @full=false, @open_to_guests=false, @active_token_value=nil, @users=[#<Hashie::Mash admin=true avatar_url="http://asset0.37img.com/global/missing/avatar.gif?r=3" created_at=2012-01-08 10:42:56 +0000 email_address="phil@maniacalrobot.co.uk" id=1094437 name="Phil Balchin" type="Member">, #<Hashie::Mash admin=false avatar_url="http://asset0.37img.com/global/missing/avatar.gif?r=3" created_at="2012/01/14 21:46:05 +0000" email_address="nyx@maniacalrobot.co.uk" id=1100831 name="Nyx" type="Member">]>]
#<Hashie::Mash body="ping" created_at=2012-03-19 22:32:57 +0000 id=525577245 room_id=474233 starred="false" type="TextMessage" user=#<Hashie::Mash admin=true avatar_url="http://asset0.37img.com/global/missing/avatar.gif?r=3" created_at=2012-01-08 10:42:56 +0000 email_address="phil@maniacalrobot.co.uk" id=1094437 name="Phil Balchin" type="Member">>
#process_text_message #<Hashie::Mash body="ping" created_at=2012-03-19 22:32:57 +0000 id=525577245 room_id=474233 starred="false" type="TextMessage" user=#<Hashie::Mash admin=true avatar_url="http://asset0.37img.com/global/missing/avatar.gif?r=3" created_at=2012-01-08 10:42:56 +0000 email_address="phil@maniacalrobot.co.uk" id=1094437 name="Phil Balchin" type="Member">>
From Room 474233
sending message
ping received
Reply: #<Nyx::Message:0x007f95fb4fca98>
campfire #<Campfire:0x007f95fb4803a8>
rooms: [#<Tinder::Room:0x007f95fb3aaa00 @connection=#<Tinder::Connection:0x007f95fb480128 @subdomain="maniacalrobot", @options={:ssl=>true, :ssl_options=>{:verify=>true}, :proxy=>nil, :token=>"24812604289b7332546dbb4fcbea1502115698b4"}, @uri=#<URI::HTTPS:0x007f95fb47f070 URL:https://maniacalrobot.campfirenow.com>, @token="24812604289b7332546dbb4fcbea1502115698b4", @connection=#<Faraday::Connection:0x007f95fb3c5eb8 @headers={"authorization"=>"Basic MjQ4MTI2MDQyODliNzMzMjU0NmRiYjRmY2JlYTE1MDIxMTU2OThiNDpY"}, @params={}, @options={}, @ssl={:verify=>true}, @parallel_manager=nil, @scheme="https", @port=nil, @host="maniacalrobot.campfirenow.com", @path_prefix="/", @proxy=nil, @builder=#<Faraday::Builder:0x007f95fb3c5f30 @handlers=[Faraday::Request::JSON, Faraday::Response::Mashify, Faraday::Response::ParseJson, Faraday::Response::RemoveWhitespace, Faraday::Response::RaiseOnAuthenticationFailure, Faraday::Adapter::NetHttp]>, @app=#<Faraday::Request::JSON:0x007f95fb3c2b50 @app=#<Faraday::Response::Mashify:0x007f95fb3c2b78 @app=#<Faraday::Response::ParseJson:0x007f95fb3c2bc8 @app=#<Faraday::Response::RemoveWhitespace:0x007f95fb3c2bf0 @app=#<Faraday::Response::RaiseOnAuthenticationFailure:0x007f95fb3c2c18 @app=#<Faraday::Adapter::NetHttp:0x007f95fb3c2c68 @app=#<Proc:0x007f95fb3c2ce0@/Users/phil/.rvm/gems/ruby-1.9.2-p290@nyx/gems/faraday-0.7.6/lib/faraday/connection.rb:82 (lambda)>>>>>>>>, @raw_connection=#<Faraday::Connection:0x007f95fb3c4450 @headers={"authorization"=>"Basic MjQ4MTI2MDQyODliNzMzMjU0NmRiYjRmY2JlYTE1MDIxMTU2OThiNDpY"}, @params={}, @options={}, @ssl={:verify=>true}, @parallel_manager=nil, @scheme="https", @port=nil, @host="maniacalrobot.campfirenow.com", @path_prefix="/", @proxy=nil, @builder=#<Faraday::Builder:0x007f95fb3c44c8 @handlers=[Faraday::Response::Mashify, Faraday::Response::ParseJson, Faraday::Response::RemoveWhitespace, Faraday::Response::RaiseOnAuthenticationFailure, Faraday::Adapter::NetHttp]>>>, @id=474233, @name="Nyx Development", @loaded=true, @stream=#<Twitter::JSONStream:0x007f95fb2e4648 @signature=3, @options={:method=>"GET", :path=>"/room/474233/live.json", :content_type=>"application/x-www-form-urlencoded", :content=>"", :host=>"streaming.campfirenow.com", :port=>443, :ssl=>true, :user_agent=>"TwitterStream", :timeout=>6, :proxy=>nil, :auth=>"24812604289b7332546dbb4fcbea1502115698b4:X", :oauth=>{}, :filters=>[], :params=>{}, :auto_reconnect=>true}, @gracefully_closed=false, @nf_last_reconnect=nil, @af_last_reconnect=nil, @reconnect_retries=0, @immediate_reconnect=false, @on_inited_callback=nil, @code=200, @headers={"Server"=>"nginx/1.0.14", "Date"=>"Mon, 19 Mar 2012 22:28:01 GMT", "Content-Type"=>"application/json", "Transfer-Encoding"=>"chunked", "Connection"=>"keep-alive"}, @state=:stream, @buffer=#<BufferedTokenizer:0x007f95fb2e43c8 @delimiter="\r", @size_limit=1048576, @input=[""], @input_size=0>, @stream="", @parser=#<HTTP::Parser:0x007f95fb2e41e8>, @each_item_callback=#<Proc:0x007f95fb2e3e78@/Users/phil/.rvm/gems/ruby-1.9.2-p290@nyx/gems/tinder-1.8.0/lib/tinder/room.rb:154>, @error_callback=#<Proc:0x007f95fb2e3e50@/Users/phil/.rvm/gems/ruby-1.9.2-p290@nyx/gems/tinder-1.8.0/lib/tinder/room.rb:161>, @max_reconnects_callback=#<Proc:0x007f95fb2e3e00@/Users/phil/.rvm/gems/ruby-1.9.2-p290@nyx/gems/tinder-1.8.0/lib/tinder/room.rb:165>>, @topic="", @full=false, @open_to_guests=false, @active_token_value=nil, @users=[#<Hashie::Mash admin=true avatar_url="http://asset0.37img.com/global/missing/avatar.gif?r=3" created_at=2012-01-08 10:42:56 +0000 email_address="phil@maniacalrobot.co.uk" id=1094437 name="Phil Balchin" type="Member">, #<Hashie::Mash admin=false avatar_url="http://asset0.37img.com/global/missing/avatar.gif?r=3" created_at="2012/01/14 21:46:05 +0000" email_address="nyx@maniacalrobot.co.uk" id=1100831 name="Nyx" type="Member">]>]
#<Hashie::Mash body=nil created_at=2012-03-19 22:35:00 +0000 id=525579160 room_id=474233 starred="false" type="TimestampMessage" user=nil>
#<Hashie::Mash body="nyx status" created_at=2012-03-19 22:36:09 +0000 id=525579161 room_id=474233 starred="false" type="TextMessage" user=#<Hashie::Mash admin=true avatar_url="http://asset0.37img.com/global/missing/avatar.gif?r=3" created_at=2012-01-08 10:42:56 +0000 email_address="phil@maniacalrobot.co.uk" id=1094437 name="Phil Balchin" type="Member">>
#process_text_message #<Hashie::Mash body="nyx status" created_at=2012-03-19 22:36:09 +0000 id=525579161 room_id=474233 starred="false" type="TextMessage" user=#<Hashie::Mash admin=true avatar_url="http://asset0.37img.com/global/missing/avatar.gif?r=3" created_at=2012-01-08 10:42:56 +0000 email_address="phil@maniacalrobot.co.uk" id=1094437 name="Phil Balchin" type="Member">>
From Room 474233
sending message
Reply: #<Nyx::Message:0x007f95fb279668>
campfire #<Campfire:0x007f95fb4803a8>
rooms: [#<Tinder::Room:0x007f95fb3aaa00 @connection=#<Tinder::Connection:0x007f95fb480128 @subdomain="maniacalrobot", @options={:ssl=>true, :ssl_options=>{:verify=>true}, :proxy=>nil, :token=>"24812604289b7332546dbb4fcbea1502115698b4"}, @uri=#<URI::HTTPS:0x007f95fb47f070 URL:https://maniacalrobot.campfirenow.com>, @token="24812604289b7332546dbb4fcbea1502115698b4", @connection=#<Faraday::Connection:0x007f95fb3c5eb8 @headers={"authorization"=>"Basic MjQ4MTI2MDQyODliNzMzMjU0NmRiYjRmY2JlYTE1MDIxMTU2OThiNDpY"}, @params={}, @options={}, @ssl={:verify=>true}, @parallel_manager=nil, @scheme="https", @port=nil, @host="maniacalrobot.campfirenow.com", @path_prefix="/", @proxy=nil, @builder=#<Faraday::Builder:0x007f95fb3c5f30 @handlers=[Faraday::Request::JSON, Faraday::Response::Mashify, Faraday::Response::ParseJson, Faraday::Response::RemoveWhitespace, Faraday::Response::RaiseOnAuthenticationFailure, Faraday::Adapter::NetHttp]>, @app=#<Faraday::Request::JSON:0x007f95fb3c2b50 @app=#<Faraday::Response::Mashify:0x007f95fb3c2b78 @app=#<Faraday::Response::ParseJson:0x007f95fb3c2bc8 @app=#<Faraday::Response::RemoveWhitespace:0x007f95fb3c2bf0 @app=#<Faraday::Response::RaiseOnAuthenticationFailure:0x007f95fb3c2c18 @app=#<Faraday::Adapter::NetHttp:0x007f95fb3c2c68 @app=#<Proc:0x007f95fb3c2ce0@/Users/phil/.rvm/gems/ruby-1.9.2-p290@nyx/gems/faraday-0.7.6/lib/faraday/connection.rb:82 (lambda)>>>>>>>>, @raw_connection=#<Faraday::Connection:0x007f95fb3c4450 @headers={"authorization"=>"Basic MjQ4MTI2MDQyODliNzMzMjU0NmRiYjRmY2JlYTE1MDIxMTU2OThiNDpY"}, @params={}, @options={}, @ssl={:verify=>true}, @parallel_manager=nil, @scheme="https", @port=nil, @host="maniacalrobot.campfirenow.com", @path_prefix="/", @proxy=nil, @builder=#<Faraday::Builder:0x007f95fb3c44c8 @handlers=[Faraday::Response::Mashify, Faraday::Response::ParseJson, Faraday::Response::RemoveWhitespace, Faraday::Response::RaiseOnAuthenticationFailure, Faraday::Adapter::NetHttp]>>>, @id=474233, @name="Nyx Development", @loaded=true, @stream=#<Twitter::JSONStream:0x007f95fb2e4648 @signature=3, @options={:method=>"GET", :path=>"/room/474233/live.json", :content_type=>"application/x-www-form-urlencoded", :content=>"", :host=>"streaming.campfirenow.com", :port=>443, :ssl=>true, :user_agent=>"TwitterStream", :timeout=>6, :proxy=>nil, :auth=>"24812604289b7332546dbb4fcbea1502115698b4:X", :oauth=>{}, :filters=>[], :params=>{}, :auto_reconnect=>true}, @gracefully_closed=false, @nf_last_reconnect=nil, @af_last_reconnect=nil, @reconnect_retries=0, @immediate_reconnect=false, @on_inited_callback=nil, @code=200, @headers={"Server"=>"nginx/1.0.14", "Date"=>"Mon, 19 Mar 2012 22:28:01 GMT", "Content-Type"=>"application/json", "Transfer-Encoding"=>"chunked", "Connection"=>"keep-alive"}, @state=:stream, @buffer=#<BufferedTokenizer:0x007f95fb2e43c8 @delimiter="\r", @size_limit=1048576, @input=[""], @input_size=0>, @stream="", @parser=#<HTTP::Parser:0x007f95fb2e41e8>, @each_item_callback=#<Proc:0x007f95fb2e3e78@/Users/phil/.rvm/gems/ruby-1.9.2-p290@nyx/gems/tinder-1.8.0/lib/tinder/room.rb:154>, @error_callback=#<Proc:0x007f95fb2e3e50@/Users/phil/.rvm/gems/ruby-1.9.2-p290@nyx/gems/tinder-1.8.0/lib/tinder/room.rb:161>, @max_reconnects_callback=#<Proc:0x007f95fb2e3e00@/Users/phil/.rvm/gems/ruby-1.9.2-p290@nyx/gems/tinder-1.8.0/lib/tinder/room.rb:165>>, @topic="", @full=false, @open_to_guests=false, @active_token_value=nil, @users=[#<Hashie::Mash admin=true avatar_url="http://asset0.37img.com/global/missing/avatar.gif?r=3" created_at=2012-01-08 10:42:56 +0000 email_address="phil@maniacalrobot.co.uk" id=1094437 name="Phil Balchin" type="Member">, #<Hashie::Mash admin=false avatar_url="http://asset0.37img.com/global/missing/avatar.gif?r=3" created_at="2012/01/14 21:46:05 +0000" email_address="nyx@maniacalrobot.co.uk" id=1100831 name="Nyx" type="Member">]>]
Nyx::SubSystemManager loading subsystem '/Users/phil/Sites/nyx/sub_systems/campfire/campfire.rb'
New Room ID 474233
Nyx::SubSystemManager loading subsystem '/Users/phil/Sites/nyx/sub_systems/ping/ping.rb'
Nyx::SubSystemManager loading subsystem '/Users/phil/Sites/nyx/sub_systems/pinger/pinger.rb'
Nyx::SubSystemManager loading subsystem '/Users/phil/Sites/nyx/sub_systems/profanity/profanity.rb'
Nyx::SubSystemManager loading subsystem '/Users/phil/Sites/nyx/sub_systems/status/status.rb'
#<Hashie::Mash body=nil created_at=2012-03-19 22:40:00 +0000 id=525583426 room_id=474233 starred="false" type="TimestampMessage" user=nil>
#<Hashie::Mash body="ping" created_at=2012-03-19 22:41:16 +0000 id=525583427 room_id=474233 starred="false" type="TextMessage" user=#<Hashie::Mash admin=true avatar_url="http://asset0.37img.com/global/missing/avatar.gif?r=3" created_at=2012-01-08 10:42:56 +0000 email_address="phil@maniacalrobot.co.uk" id=1094437 name="Phil Balchin" type="Member">>
#process_text_message #<Hashie::Mash body="ping" created_at=2012-03-19 22:41:16 +0000 id=525583427 room_id=474233 starred="false" type="TextMessage" user=#<Hashie::Mash admin=true avatar_url="http://asset0.37img.com/global/missing/avatar.gif?r=3" created_at=2012-01-08 10:42:56 +0000 email_address="phil@maniacalrobot.co.uk" id=1094437 name="Phil Balchin" type="Member">>
From Room 474233
sending message
processing Ping#incoming_message
ping received
Reply: #<Nyx::Message:0x007fa93343eca0>
campfire #<Campfire:0x007fa9336363c8>
rooms: [#<Tinder::Room:0x007fa9335301e0 @connection=#<Tinder::Connection:0x007fa9336362d8 @subdomain="maniacalrobot", @options={:ssl=>true, :ssl_options=>{:verify=>true}, :proxy=>nil, :token=>"24812604289b7332546dbb4fcbea1502115698b4"}, @uri=#<URI::HTTPS:0x007fa933635388 URL:https://maniacalrobot.campfirenow.com>, @token="24812604289b7332546dbb4fcbea1502115698b4", @connection=#<Faraday::Connection:0x007fa933551728 @headers={"authorization"=>"Basic MjQ4MTI2MDQyODliNzMzMjU0NmRiYjRmY2JlYTE1MDIxMTU2OThiNDpY"}, @params={}, @options={}, @ssl={:verify=>true}, @parallel_manager=nil, @scheme="https", @port=nil, @host="maniacalrobot.campfirenow.com", @path_prefix="/", @proxy=nil, @builder=#<Faraday::Builder:0x007fa9335517a0 @handlers=[Faraday::Request::JSON, Faraday::Response::Mashify, Faraday::Response::ParseJson, Faraday::Response::RemoveWhitespace, Faraday::Response::RaiseOnAuthenticationFailure, Faraday::Adapter::NetHttp]>, @app=#<Faraday::Request::JSON:0x007fa93354e118 @app=#<Faraday::Response::Mashify:0x007fa93354e140 @app=#<Faraday::Response::ParseJson:0x007fa93354e190 @app=#<Faraday::Response::RemoveWhitespace:0x007fa93354e1b8 @app=#<Faraday::Response::RaiseOnAuthenticationFailure:0x007fa93354e1e0 @app=#<Faraday::Adapter::NetHttp:0x007fa93354e280 @app=#<Proc:0x007fa93354e370@/Users/phil/.rvm/gems/ruby-1.9.2-p290@nyx/gems/faraday-0.7.6/lib/faraday/connection.rb:82 (lambda)>>>>>>>>, @raw_connection=#<Faraday::Connection:0x007fa93354fc48 @headers={"authorization"=>"Basic MjQ4MTI2MDQyODliNzMzMjU0NmRiYjRmY2JlYTE1MDIxMTU2OThiNDpY"}, @params={}, @options={}, @ssl={:verify=>true}, @parallel_manager=nil, @scheme="https", @port=nil, @host="maniacalrobot.campfirenow.com", @path_prefix="/", @proxy=nil, @builder=#<Faraday::Builder:0x007fa93354fcc0 @handlers=[Faraday::Response::Mashify, Faraday::Response::ParseJson, Faraday::Response::RemoveWhitespace, Faraday::Response::RaiseOnAuthenticationFailure, Faraday::Adapter::NetHttp]>>>, @id=474233, @name="Nyx Development", @loaded=true, @stream=#<Twitter::JSONStream:0x007fa93344f938 @signature=3, @options={:method=>"GET", :path=>"/room/474233/live.json", :content_type=>"application/x-www-form-urlencoded", :content=>"", :host=>"streaming.campfirenow.com", :port=>443, :ssl=>true, :user_agent=>"TwitterStream", :timeout=>6, :proxy=>nil, :auth=>"24812604289b7332546dbb4fcbea1502115698b4:X", :oauth=>{}, :filters=>[], :params=>{}, :auto_reconnect=>true}, @gracefully_closed=false, @nf_last_reconnect=nil, @af_last_reconnect=nil, @reconnect_retries=0, @immediate_reconnect=false, @on_inited_callback=nil, @code=200, @headers={"Server"=>"nginx/1.0.14", "Date"=>"Mon, 19 Mar 2012 22:40:52 GMT", "Content-Type"=>"application/json", "Transfer-Encoding"=>"chunked", "Connection"=>"keep-alive"}, @state=:stream, @buffer=#<BufferedTokenizer:0x007fa93344f780 @delimiter="\r", @size_limit=1048576, @input=[""], @input_size=0>, @stream="", @parser=#<HTTP::Parser:0x007fa93344f500>, @each_item_callback=#<Proc:0x007fa93344ef60@/Users/phil/.rvm/gems/ruby-1.9.2-p290@nyx/gems/tinder-1.8.0/lib/tinder/room.rb:154>, @error_callback=#<Proc:0x007fa93344ef38@/Users/phil/.rvm/gems/ruby-1.9.2-p290@nyx/gems/tinder-1.8.0/lib/tinder/room.rb:161>, @max_reconnects_callback=#<Proc:0x007fa93344eec0@/Users/phil/.rvm/gems/ruby-1.9.2-p290@nyx/gems/tinder-1.8.0/lib/tinder/room.rb:165>>, @topic="", @full=false, @open_to_guests=false, @active_token_value=nil, @users=[#<Hashie::Mash admin=true avatar_url="http://asset0.37img.com/global/missing/avatar.gif?r=3" created_at=2012-01-08 10:42:56 +0000 email_address="phil@maniacalrobot.co.uk" id=1094437 name="Phil Balchin" type="Member">, #<Hashie::Mash admin=false avatar_url="http://asset0.37img.com/global/missing/avatar.gif?r=3" created_at="2012/01/14 21:46:05 +0000" email_address="nyx@maniacalrobot.co.uk" id=1100831 name="Nyx" type="Member">]>]
rooms: [474233]
Nyx::SubSystemManager loading subsystem '/Users/phil/Sites/nyx/sub_systems/campfire/campfire.rb'
New Room ID 474233
Nyx::SubSystemManager loading subsystem '/Users/phil/Sites/nyx/sub_systems/ping/ping.rb'
Nyx::SubSystemManager loading subsystem '/Users/phil/Sites/nyx/sub_systems/pinger/pinger.rb'
Nyx::SubSystemManager loading subsystem '/Users/phil/Sites/nyx/sub_systems/profanity/profanity.rb'
Nyx::SubSystemManager loading subsystem '/Users/phil/Sites/nyx/sub_systems/status/status.rb'
#<Hashie::Mash body=nil created_at=2012-03-19 22:45:00 +0000 id=525587306 room_id=474233 starred="false" type="TimestampMessage" user=nil>
#<Hashie::Mash body="ping" created_at=2012-03-19 22:48:05 +0000 id=525587307 room_id=474233 starred="false" type="TextMessage" user=#<Hashie::Mash admin=true avatar_url="http://asset0.37img.com/global/missing/avatar.gif?r=3" created_at=2012-01-08 10:42:56 +0000 email_address="phil@maniacalrobot.co.uk" id=1094437 name="Phil Balchin" type="Member">>
#process_text_message #<Hashie::Mash body="ping" created_at=2012-03-19 22:48:05 +0000 id=525587307 room_id=474233 starred="false" type="TextMessage" user=#<Hashie::Mash admin=true avatar_url="http://asset0.37img.com/global/missing/avatar.gif?r=3" created_at=2012-01-08 10:42:56 +0000 email_address="phil@maniacalrobot.co.uk" id=1094437 name="Phil Balchin" type="Member">>
From Room 474233
sending message
processing Ping#incoming_message
ping received
Reply: #<Nyx::Message:0x007fa4396e01b0> with: PONG!
campfire #<Campfire:0x007fa43a3a9ce8>
rooms: [#<Tinder::Room:0x007fa43a022fc0 @connection=#<Tinder::Connection:0x007fa43a3a9ba8 @subdomain="maniacalrobot", @options={:ssl=>true, :ssl_options=>{:verify=>true}, :proxy=>nil, :token=>"24812604289b7332546dbb4fcbea1502115698b4"}, @uri=#<URI::HTTPS:0x007fa43a3a9590 URL:https://maniacalrobot.campfirenow.com>, @token="24812604289b7332546dbb4fcbea1502115698b4", @connection=#<Faraday::Connection:0x007fa43a075590 @headers={"authorization"=>"Basic MjQ4MTI2MDQyODliNzMzMjU0NmRiYjRmY2JlYTE1MDIxMTU2OThiNDpY"}, @params={}, @options={}, @ssl={:verify=>true}, @parallel_manager=nil, @scheme="https", @port=nil, @host="maniacalrobot.campfirenow.com", @path_prefix="/", @proxy=nil, @builder=#<Faraday::Builder:0x007fa43a075608 @handlers=[Faraday::Request::JSON, Faraday::Response::Mashify, Faraday::Response::ParseJson, Faraday::Response::RemoveWhitespace, Faraday::Response::RaiseOnAuthenticationFailure, Faraday::Adapter::NetHttp]>, @app=#<Faraday::Request::JSON:0x007fa43a068f48 @app=#<Faraday::Response::Mashify:0x007fa43a068f70 @app=#<Faraday::Response::ParseJson:0x007fa43a069128 @app=#<Faraday::Response::RemoveWhitespace:0x007fa43a069178 @app=#<Faraday::Response::RaiseOnAuthenticationFailure:0x007fa43a0691a0 @app=#<Faraday::Adapter::NetHttp:0x007fa43a0691c8 @app=#<Proc:0x007fa43a0692e0@/Users/phil/.rvm/gems/ruby-1.9.2-p290@nyx/gems/faraday-0.7.6/lib/faraday/connection.rb:82 (lambda)>>>>>>>>, @raw_connection=#<Faraday::Connection:0x007fa43a06f078 @headers={"authorization"=>"Basic MjQ4MTI2MDQyODliNzMzMjU0NmRiYjRmY2JlYTE1MDIxMTU2OThiNDpY"}, @params={}, @options={}, @ssl={:verify=>true}, @parallel_manager=nil, @scheme="https", @port=nil, @host="maniacalrobot.campfirenow.com", @path_prefix="/", @proxy=nil, @builder=#<Faraday::Builder:0x007fa43a06f0f0 @handlers=[Faraday::Response::Mashify, Faraday::Response::ParseJson, Faraday::Response::RemoveWhitespace, Faraday::Response::RaiseOnAuthenticationFailure, Faraday::Adapter::NetHttp]>>>, @id=474233, @name="Nyx Development", @loaded=true, @stream=#<Twitter::JSONStream:0x007fa4396d20b0 @signature=3, @options={:method=>"GET", :path=>"/room/474233/live.json", :content_type=>"application/x-www-form-urlencoded", :content=>"", :host=>"streaming.campfirenow.com", :port=>443, :ssl=>true, :user_agent=>"TwitterStream", :timeout=>6, :proxy=>nil, :auth=>"24812604289b7332546dbb4fcbea1502115698b4:X", :oauth=>{}, :filters=>[], :params=>{}, :auto_reconnect=>true}, @gracefully_closed=false, @nf_last_reconnect=nil, @af_last_reconnect=nil, @reconnect_retries=0, @immediate_reconnect=false, @on_inited_callback=nil, @code=200, @headers={"Server"=>"nginx/1.0.14", "Date"=>"Mon, 19 Mar 2012 22:47:55 GMT", "Content-Type"=>"application/json", "Transfer-Encoding"=>"chunked", "Connection"=>"keep-alive"}, @state=:stream, @buffer=#<BufferedTokenizer:0x007fa4396d1e80 @delimiter="\r", @size_limit=1048576, @input=[""], @input_size=0>, @stream="", @parser=#<HTTP::Parser:0x007fa4396d1cc8>, @each_item_callback=#<Proc:0x007fa4396d17c8@/Users/phil/.rvm/gems/ruby-1.9.2-p290@nyx/gems/tinder-1.8.0/lib/tinder/room.rb:154>, @error_callback=#<Proc:0x007fa4396d1750@/Users/phil/.rvm/gems/ruby-1.9.2-p290@nyx/gems/tinder-1.8.0/lib/tinder/room.rb:161>, @max_reconnects_callback=#<Proc:0x007fa4396d1728@/Users/phil/.rvm/gems/ruby-1.9.2-p290@nyx/gems/tinder-1.8.0/lib/tinder/room.rb:165>>, @topic="", @full=false, @open_to_guests=false, @active_token_value=nil, @users=[#<Hashie::Mash admin=true avatar_url="http://asset0.37img.com/global/missing/avatar.gif?r=3" created_at=2012-01-08 10:42:56 +0000 email_address="phil@maniacalrobot.co.uk" id=1094437 name="Phil Balchin" type="Member">, #<Hashie::Mash admin=false avatar_url="http://asset0.37img.com/global/missing/avatar.gif?r=3" created_at="2012/01/14 21:46:05 +0000" email_address="nyx@maniacalrobot.co.uk" id=1100831 name="Nyx" type="Member">]>]
rooms: [474233]
#<Hashie::Mash body="ping" created_at=2012-03-19 22:48:27 +0000 id=525587499 room_id=474233 starred="false" type="TextMessage" user=#<Hashie::Mash admin=true avatar_url="http://asset0.37img.com/global/missing/avatar.gif?r=3" created_at=2012-01-08 10:42:56 +0000 email_address="phil@maniacalrobot.co.uk" id=1094437 name="Phil Balchin" type="Member">>
#process_text_message #<Hashie::Mash body="ping" created_at=2012-03-19 22:48:27 +0000 id=525587499 room_id=474233 starred="false" type="TextMessage" user=#<Hashie::Mash admin=true avatar_url="http://asset0.37img.com/global/missing/avatar.gif?r=3" created_at=2012-01-08 10:42:56 +0000 email_address="phil@maniacalrobot.co.uk" id=1094437 name="Phil Balchin" type="Member">>
From Room 474233
sending message
processing Ping#incoming_message
ping received
Reply: #<Nyx::Message:0x007fa439670c70> with: PONG!
campfire #<Campfire:0x007fa43a3a9ce8>
rooms: [#<Tinder::Room:0x007fa43a022fc0 @connection=#<Tinder::Connection:0x007fa43a3a9ba8 @subdomain="maniacalrobot", @options={:ssl=>true, :ssl_options=>{:verify=>true}, :proxy=>nil, :token=>"24812604289b7332546dbb4fcbea1502115698b4"}, @uri=#<URI::HTTPS:0x007fa43a3a9590 URL:https://maniacalrobot.campfirenow.com>, @token="24812604289b7332546dbb4fcbea1502115698b4", @connection=#<Faraday::Connection:0x007fa43a075590 @headers={"authorization"=>"Basic MjQ4MTI2MDQyODliNzMzMjU0NmRiYjRmY2JlYTE1MDIxMTU2OThiNDpY"}, @params={}, @options={}, @ssl={:verify=>true}, @parallel_manager=nil, @scheme="https", @port=nil, @host="maniacalrobot.campfirenow.com", @path_prefix="/", @proxy=nil, @builder=#<Faraday::Builder:0x007fa43a075608 @handlers=[Faraday::Request::JSON, Faraday::Response::Mashify, Faraday::Response::ParseJson, Faraday::Response::RemoveWhitespace, Faraday::Response::RaiseOnAuthenticationFailure, Faraday::Adapter::NetHttp]>, @app=#<Faraday::Request::JSON:0x007fa43a068f48 @app=#<Faraday::Response::Mashify:0x007fa43a068f70 @app=#<Faraday::Response::ParseJson:0x007fa43a069128 @app=#<Faraday::Response::RemoveWhitespace:0x007fa43a069178 @app=#<Faraday::Response::RaiseOnAuthenticationFailure:0x007fa43a0691a0 @app=#<Faraday::Adapter::NetHttp:0x007fa43a0691c8 @app=#<Proc:0x007fa43a0692e0@/Users/phil/.rvm/gems/ruby-1.9.2-p290@nyx/gems/faraday-0.7.6/lib/faraday/connection.rb:82 (lambda)>>>>>>>>, @raw_connection=#<Faraday::Connection:0x007fa43a06f078 @headers={"authorization"=>"Basic MjQ4MTI2MDQyODliNzMzMjU0NmRiYjRmY2JlYTE1MDIxMTU2OThiNDpY"}, @params={}, @options={}, @ssl={:verify=>true}, @parallel_manager=nil, @scheme="https", @port=nil, @host="maniacalrobot.campfirenow.com", @path_prefix="/", @proxy=nil, @builder=#<Faraday::Builder:0x007fa43a06f0f0 @handlers=[Faraday::Response::Mashify, Faraday::Response::ParseJson, Faraday::Response::RemoveWhitespace, Faraday::Response::RaiseOnAuthenticationFailure, Faraday::Adapter::NetHttp]>>>, @id=474233, @name="Nyx Development", @loaded=true, @stream=#<Twitter::JSONStream:0x007fa4396d20b0 @signature=3, @options={:method=>"GET", :path=>"/room/474233/live.json", :content_type=>"application/x-www-form-urlencoded", :content=>"", :host=>"streaming.campfirenow.com", :port=>443, :ssl=>true, :user_agent=>"TwitterStream", :timeout=>6, :proxy=>nil, :auth=>"24812604289b7332546dbb4fcbea1502115698b4:X", :oauth=>{}, :filters=>[], :params=>{}, :auto_reconnect=>true}, @gracefully_closed=false, @nf_last_reconnect=nil, @af_last_reconnect=nil, @reconnect_retries=0, @immediate_reconnect=false, @on_inited_callback=nil, @code=200, @headers={"Server"=>"nginx/1.0.14", "Date"=>"Mon, 19 Mar 2012 22:47:55 GMT", "Content-Type"=>"application/json", "Transfer-Encoding"=>"chunked", "Connection"=>"keep-alive"}, @state=:stream, @buffer=#<BufferedTokenizer:0x007fa4396d1e80 @delimiter="\r", @size_limit=1048576, @input=[""], @input_size=0>, @stream="", @parser=#<HTTP::Parser:0x007fa4396d1cc8>, @each_item_callback=#<Proc:0x007fa4396d17c8@/Users/phil/.rvm/gems/ruby-1.9.2-p290@nyx/gems/tinder-1.8.0/lib/tinder/room.rb:154>, @error_callback=#<Proc:0x007fa4396d1750@/Users/phil/.rvm/gems/ruby-1.9.2-p290@nyx/gems/tinder-1.8.0/lib/tinder/room.rb:161>, @max_reconnects_callback=#<Proc:0x007fa4396d1728@/Users/phil/.rvm/gems/ruby-1.9.2-p290@nyx/gems/tinder-1.8.0/lib/tinder/room.rb:165>>, @topic="", @full=false, @open_to_guests=false, @active_token_value=nil, @users=[#<Hashie::Mash admin=true avatar_url="http://asset0.37img.com/global/missing/avatar.gif?r=3" created_at=2012-01-08 10:42:56 +0000 email_address="phil@maniacalrobot.co.uk" id=1094437 name="Phil Balchin" type="Member">, #<Hashie::Mash admin=false avatar_url="http://asset0.37img.com/global/missing/avatar.gif?r=3" created_at="2012/01/14 21:46:05 +0000" email_address="nyx@maniacalrobot.co.uk" id=1100831 name="Nyx" type="Member">]>]
rooms: [474233]
Nyx::SubSystemManager loading subsystem '/Users/phil/Sites/nyx/sub_systems/campfire/campfire.rb'
New Room ID 474233
Nyx::SubSystemManager loading subsystem '/Users/phil/Sites/nyx/sub_systems/ping/ping.rb'
Nyx::SubSystemManager loading subsystem '/Users/phil/Sites/nyx/sub_systems/pinger/pinger.rb'
Nyx::SubSystemManager loading subsystem '/Users/phil/Sites/nyx/sub_systems/profanity/profanity.rb'
Nyx::SubSystemManager loading subsystem '/Users/phil/Sites/nyx/sub_systems/status/status.rb'
#<Hashie::Mash body=nil created_at=2012-03-19 22:50:00 +0000 id=525591504 room_id=474233 starred="false" type="TimestampMessage" user=nil>
#<Hashie::Mash body="ping" created_at=2012-03-19 22:53:44 +0000 id=525591505 room_id=474233 starred="false" type="TextMessage" user=#<Hashie::Mash admin=true avatar_url="http://asset0.37img.com/global/missing/avatar.gif?r=3" created_at=2012-01-08 10:42:56 +0000 email_address="phil@maniacalrobot.co.uk" id=1094437 name="Phil Balchin" type="Member">>
#process_text_message #<Hashie::Mash body="ping" created_at=2012-03-19 22:53:44 +0000 id=525591505 room_id=474233 starred="false" type="TextMessage" user=#<Hashie::Mash admin=true avatar_url="http://asset0.37img.com/global/missing/avatar.gif?r=3" created_at=2012-01-08 10:42:56 +0000 email_address="phil@maniacalrobot.co.uk" id=1094437 name="Phil Balchin" type="Member">>
From Room 474233
sending message
processing Ping#incoming_message
ping received
Reply: #<Nyx::Message:0x007f8ddc7271f0> with: PONG!
campfire #<Campfire:0x007f8ddd389ab0>
rooms: [#<Tinder::Room:0x007f8ddd04c258 @connection=#<Tinder::Connection:0x007f8ddd3899e8 @subdomain="maniacalrobot", @options={:ssl=>true, :ssl_options=>{:verify=>true}, :proxy=>nil, :token=>"24812604289b7332546dbb4fcbea1502115698b4"}, @uri=#<URI::HTTPS:0x007f8ddd389380 URL:https://maniacalrobot.campfirenow.com>, @token="24812604289b7332546dbb4fcbea1502115698b4", @connection=#<Faraday::Connection:0x007f8ddd09bc18 @headers={"authorization"=>"Basic MjQ4MTI2MDQyODliNzMzMjU0NmRiYjRmY2JlYTE1MDIxMTU2OThiNDpY"}, @params={}, @options={}, @ssl={:verify=>true}, @parallel_manager=nil, @scheme="https", @port=nil, @host="maniacalrobot.campfirenow.com", @path_prefix="/", @proxy=nil, @builder=#<Faraday::Builder:0x007f8ddd09bd08 @handlers=[Faraday::Request::JSON, Faraday::Response::Mashify, Faraday::Response::ParseJson, Faraday::Response::RemoveWhitespace, Faraday::Response::RaiseOnAuthenticationFailure, Faraday::Adapter::NetHttp]>, @app=#<Faraday::Request::JSON:0x007f8ddd08d2a8 @app=#<Faraday::Response::Mashify:0x007f8ddd08d2d0 @app=#<Faraday::Response::ParseJson:0x007f8ddd08d3c0 @app=#<Faraday::Response::RemoveWhitespace:0x007f8ddd08d410 @app=#<Faraday::Response::RaiseOnAuthenticationFailure:0x007f8ddd08d438 @app=#<Faraday::Adapter::NetHttp:0x007f8ddd08d488 @app=#<Proc:0x007f8ddd08d528@/Users/phil/.rvm/gems/ruby-1.9.2-p290@nyx/gems/faraday-0.7.6/lib/faraday/connection.rb:82 (lambda)>>>>>>>>, @raw_connection=#<Faraday::Connection:0x007f8ddd0906d8 @headers={"authorization"=>"Basic MjQ4MTI2MDQyODliNzMzMjU0NmRiYjRmY2JlYTE1MDIxMTU2OThiNDpY"}, @params={}, @options={}, @ssl={:verify=>true}, @parallel_manager=nil, @scheme="https", @port=nil, @host="maniacalrobot.campfirenow.com", @path_prefix="/", @proxy=nil, @builder=#<Faraday::Builder:0x007f8ddd090778 @handlers=[Faraday::Response::Mashify, Faraday::Response::ParseJson, Faraday::Response::RemoveWhitespace, Faraday::Response::RaiseOnAuthenticationFailure, Faraday::Adapter::NetHttp]>>>, @id=474233, @name="Nyx Development", @loaded=true, @stream=#<Twitter::JSONStream:0x007f8ddc6a9f70 @signature=3, @options={:method=>"GET", :path=>"/room/474233/live.json", :content_type=>"application/x-www-form-urlencoded", :content=>"", :host=>"streaming.campfirenow.com", :port=>443, :ssl=>true, :user_agent=>"TwitterStream", :timeout=>6, :proxy=>nil, :auth=>"24812604289b7332546dbb4fcbea1502115698b4:X", :oauth=>{}, :filters=>[], :params=>{}, :auto_reconnect=>true}, @gracefully_closed=false, @nf_last_reconnect=nil, @af_last_reconnect=nil, @reconnect_retries=0, @immediate_reconnect=false, @on_inited_callback=nil, @code=200, @headers={"Server"=>"nginx/1.0.14", "Date"=>"Mon, 19 Mar 2012 22:53:37 GMT", "Content-Type"=>"application/json", "Transfer-Encoding"=>"chunked", "Connection"=>"keep-alive"}, @state=:stream, @buffer=#<BufferedTokenizer:0x007f8ddc6a9db8 @delimiter="\r", @size_limit=1048576, @input=[""], @input_size=0>, @stream="", @parser=#<HTTP::Parser:0x007f8ddc6a9ca0>, @each_item_callback=#<Proc:0x007f8ddc6a9930@/Users/phil/.rvm/gems/ruby-1.9.2-p290@nyx/gems/tinder-1.8.0/lib/tinder/room.rb:154>, @error_callback=#<Proc:0x007f8ddc6a9908@/Users/phil/.rvm/gems/ruby-1.9.2-p290@nyx/gems/tinder-1.8.0/lib/tinder/room.rb:161>, @max_reconnects_callback=#<Proc:0x007f8ddc6a98e0@/Users/phil/.rvm/gems/ruby-1.9.2-p290@nyx/gems/tinder-1.8.0/lib/tinder/room.rb:165>>, @topic="", @full=false, @open_to_guests=false, @active_token_value=nil, @users=[#<Hashie::Mash admin=true avatar_url="http://asset0.37img.com/global/missing/avatar.gif?r=3" created_at=2012-01-08 10:42:56 +0000 email_address="phil@maniacalrobot.co.uk" id=1094437 name="Phil Balchin" type="Member">, #<Hashie::Mash admin=false avatar_url="http://asset0.37img.com/global/missing/avatar.gif?r=3" created_at="2012/01/14 21:46:05 +0000" email_address="nyx@maniacalrobot.co.uk" id=1100831 name="Nyx" type="Member">]>]
room ids: [474233]
Nyx::SubSystemManager loading subsystem '/Users/phil/Sites/nyx/sub_systems/campfire/campfire.rb'
New Room ID 474233
Nyx::SubSystemManager loading subsystem '/Users/phil/Sites/nyx/sub_systems/ping/ping.rb'
Nyx::SubSystemManager loading subsystem '/Users/phil/Sites/nyx/sub_systems/pinger/pinger.rb'
Nyx::SubSystemManager loading subsystem '/Users/phil/Sites/nyx/sub_systems/profanity/profanity.rb'
Nyx::SubSystemManager loading subsystem '/Users/phil/Sites/nyx/sub_systems/status/status.rb'
#<Hashie::Mash body=nil created_at=2012-03-19 22:55:00 +0000 id=525592298 room_id=474233 starred="false" type="TimestampMessage" user=nil>
#<Hashie::Mash body="ping" created_at=2012-03-19 22:55:11 +0000 id=525592299 room_id=474233 starred="false" type="TextMessage" user=#<Hashie::Mash admin=true avatar_url="http://asset0.37img.com/global/missing/avatar.gif?r=3" created_at=2012-01-08 10:42:56 +0000 email_address="phil@maniacalrobot.co.uk" id=1094437 name="Phil Balchin" type="Member">>
#process_text_message #<Hashie::Mash body="ping" created_at=2012-03-19 22:55:11 +0000 id=525592299 room_id=474233 starred="false" type="TextMessage" user=#<Hashie::Mash admin=true avatar_url="http://asset0.37img.com/global/missing/avatar.gif?r=3" created_at=2012-01-08 10:42:56 +0000 email_address="phil@maniacalrobot.co.uk" id=1094437 name="Phil Balchin" type="Member">>
From Room 474233
sending message
processing Ping#incoming_message
ping received
Reply: #<Nyx::Message:0x007fbf6361f420> with: PONG!
campfire #<Campfire:0x007fbf73526d10>
rooms: [#<Tinder::Room:0x007fbf731bece0 @connection=#<Tinder::Connection:0x007fbf73526b30 @subdomain="maniacalrobot", @options={:ssl=>true, :ssl_options=>{:verify=>true}, :proxy=>nil, :token=>"24812604289b7332546dbb4fcbea1502115698b4"}, @uri=#<URI::HTTPS:0x007fbf73526400 URL:https://maniacalrobot.campfirenow.com>, @token="24812604289b7332546dbb4fcbea1502115698b4", @connection=#<Faraday::Connection:0x007fbf732b90f0 @headers={"authorization"=>"Basic MjQ4MTI2MDQyODliNzMzMjU0NmRiYjRmY2JlYTE1MDIxMTU2OThiNDpY"}, @params={}, @options={}, @ssl={:verify=>true}, @parallel_manager=nil, @scheme="https", @port=nil, @host="maniacalrobot.campfirenow.com", @path_prefix="/", @proxy=nil, @builder=#<Faraday::Builder:0x007fbf732b9320 @handlers=[Faraday::Request::JSON, Faraday::Response::Mashify, Faraday::Response::ParseJson, Faraday::Response::RemoveWhitespace, Faraday::Response::RaiseOnAuthenticationFailure, Faraday::Adapter::NetHttp]>, @app=#<Faraday::Request::JSON:0x007fbf732aa280 @app=#<Faraday::Response::Mashify:0x007fbf732aa2d0 @app=#<Faraday::Response::ParseJson:0x007fbf732aa348 @app=#<Faraday::Response::RemoveWhitespace:0x007fbf732aa3c0 @app=#<Faraday::Response::RaiseOnAuthenticationFailure:0x007fbf732aa5a0 @app=#<Faraday::Adapter::NetHttp:0x007fbf732aa9d8 @app=#<Proc:0x007fbf732aaf28@/Users/phil/.rvm/gems/ruby-1.9.2-p290@nyx/gems/faraday-0.7.6/lib/faraday/connection.rb:82 (lambda)>>>>>>>>, @raw_connection=#<Faraday::Connection:0x007fbf732b3678 @headers={"authorization"=>"Basic MjQ4MTI2MDQyODliNzMzMjU0NmRiYjRmY2JlYTE1MDIxMTU2OThiNDpY"}, @params={}, @options={}, @ssl={:verify=>true}, @parallel_manager=nil, @scheme="https", @port=nil, @host="maniacalrobot.campfirenow.com", @path_prefix="/", @proxy=nil, @builder=#<Faraday::Builder:0x007fbf732b37b8 @handlers=[Faraday::Response::Mashify, Faraday::Response::ParseJson, Faraday::Response::RemoveWhitespace, Faraday::Response::RaiseOnAuthenticationFailure, Faraday::Adapter::NetHttp]>>>, @id=474233, @name="Nyx Development", @loaded=true, @stream=#<Twitter::JSONStream:0x007fbf635dbfe0 @signature=3, @options={:method=>"GET", :path=>"/room/474233/live.json", :content_type=>"application/x-www-form-urlencoded", :content=>"", :host=>"streaming.campfirenow.com", :port=>443, :ssl=>true, :user_agent=>"TwitterStream", :timeout=>6, :proxy=>nil, :auth=>"24812604289b7332546dbb4fcbea1502115698b4:X", :oauth=>{}, :filters=>[], :params=>{}, :auto_reconnect=>true}, @gracefully_closed=false, @nf_last_reconnect=nil, @af_last_reconnect=nil, @reconnect_retries=0, @immediate_reconnect=false, @on_inited_callback=nil, @code=200, @headers={"Server"=>"nginx/1.0.14", "Date"=>"Mon, 19 Mar 2012 22:55:06 GMT", "Content-Type"=>"application/json", "Transfer-Encoding"=>"chunked", "Connection"=>"keep-alive"}, @state=:stream, @buffer=#<BufferedTokenizer:0x007fbf635dbe00 @delimiter="\r", @size_limit=1048576, @input=[""], @input_size=0>, @stream="", @parser=#<HTTP::Parser:0x007fbf635dbd60>, @each_item_callback=#<Proc:0x007fbf635db900@/Users/phil/.rvm/gems/ruby-1.9.2-p290@nyx/gems/tinder-1.8.0/lib/tinder/room.rb:154>, @error_callback=#<Proc:0x007fbf635db8d8@/Users/phil/.rvm/gems/ruby-1.9.2-p290@nyx/gems/tinder-1.8.0/lib/tinder/room.rb:161>, @max_reconnects_callback=#<Proc:0x007fbf635db8b0@/Users/phil/.rvm/gems/ruby-1.9.2-p290@nyx/gems/tinder-1.8.0/lib/tinder/room.rb:165>>, @topic="", @full=false, @open_to_guests=false, @active_token_value=nil, @users=[#<Hashie::Mash admin=true avatar_url="http://asset0.37img.com/global/missing/avatar.gif?r=3" created_at=2012-01-08 10:42:56 +0000 email_address="phil@maniacalrobot.co.uk" id=1094437 name="Phil Balchin" type="Member">, #<Hashie::Mash admin=false avatar_url="http://asset0.37img.com/global/missing/avatar.gif?r=3" created_at="2012/01/14 21:46:05 +0000" email_address="nyx@maniacalrobot.co.uk" id=1100831 name="Nyx" type="Member">]>]
room ids: [474233]
Nyx::SubSystemManager loading subsystem '/Users/phil/Sites/nyx/sub_systems/campfire/campfire.rb'
New Room ID 474233
Nyx::SubSystemManager loading subsystem '/Users/phil/Sites/nyx/sub_systems/ping/ping.rb'
Nyx::SubSystemManager loading subsystem '/Users/phil/Sites/nyx/sub_systems/pinger/pinger.rb'
Nyx::SubSystemManager loading subsystem '/Users/phil/Sites/nyx/sub_systems/profanity/profanity.rb'
Nyx::SubSystemManager loading subsystem '/Users/phil/Sites/nyx/sub_systems/status/status.rb'
#<Hashie::Mash body="ping" created_at=2012-03-19 22:56:12 +0000 id=525592973 room_id=474233 starred="false" type="TextMessage" user=#<Hashie::Mash admin=true avatar_url="http://asset0.37img.com/global/missing/avatar.gif?r=3" created_at=2012-01-08 10:42:56 +0000 email_address="phil@maniacalrobot.co.uk" id=1094437 name="Phil Balchin" type="Member">>
#process_text_message #<Hashie::Mash body="ping" created_at=2012-03-19 22:56:12 +0000 id=525592973 room_id=474233 starred="false" type="TextMessage" user=#<Hashie::Mash admin=true avatar_url="http://asset0.37img.com/global/missing/avatar.gif?r=3" created_at=2012-01-08 10:42:56 +0000 email_address="phil@maniacalrobot.co.uk" id=1094437 name="Phil Balchin" type="Member">>
From Room 474233
sending message
processing Ping#incoming_message
ping received
Nyx::SubSystemManager loading subsystem '/Users/phil/Sites/nyx/sub_systems/campfire/campfire.rb'
New Room ID 474233
Nyx::SubSystemManager loading subsystem '/Users/phil/Sites/nyx/sub_systems/ping/ping.rb'
Nyx::SubSystemManager loading subsystem '/Users/phil/Sites/nyx/sub_systems/pinger/pinger.rb'
Nyx::SubSystemManager loading subsystem '/Users/phil/Sites/nyx/sub_systems/profanity/profanity.rb'
Nyx::SubSystemManager loading subsystem '/Users/phil/Sites/nyx/sub_systems/status/status.rb'
#<Hashie::Mash body=nil created_at=2012-03-19 23:00:00 +0000 id=525597387 room_id=474233 starred="false" type="TimestampMessage" user=nil>
#<Hashie::Mash body="ping" created_at=2012-03-19 23:01:07 +0000 id=525597388 room_id=474233 starred="false" type="TextMessage" user=#<Hashie::Mash admin=true avatar_url="http://asset0.37img.com/global/missing/avatar.gif?r=3" created_at=2012-01-08 10:42:56 +0000 email_address="phil@maniacalrobot.co.uk" id=1094437 name="Phil Balchin" type="Member">>
#process_text_message #<Hashie::Mash body="ping" created_at=2012-03-19 23:01:07 +0000 id=525597388 room_id=474233 starred="false" type="TextMessage" user=#<Hashie::Mash admin=true avatar_url="http://asset0.37img.com/global/missing/avatar.gif?r=3" created_at=2012-01-08 10:42:56 +0000 email_address="phil@maniacalrobot.co.uk" id=1094437 name="Phil Balchin" type="Member">>
From Room 474233
sending message
processing Ping#incoming_message
ping received
Reply: #<Nyx::Message:0x007fd511b96688> in room: 474233 with: PONG!
campfire #<Campfire:0x007fd511da6a68>
rooms: [#<Tinder::Room:0x007fd511c62328 @connection=#<Tinder::Connection:0x007fd511da6720 @subdomain="maniacalrobot", @options={:ssl=>true, :ssl_options=>{:verify=>true}, :proxy=>nil, :token=>"24812604289b7332546dbb4fcbea1502115698b4"}, @uri=#<URI::HTTPS:0x007fd511da5ca8 URL:https://maniacalrobot.campfirenow.com>, @token="24812604289b7332546dbb4fcbea1502115698b4", @connection=#<Faraday::Connection:0x007fd511c819d0 @headers={"authorization"=>"Basic MjQ4MTI2MDQyODliNzMzMjU0NmRiYjRmY2JlYTE1MDIxMTU2OThiNDpY"}, @params={}, @options={}, @ssl={:verify=>true}, @parallel_manager=nil, @scheme="https", @port=nil, @host="maniacalrobot.campfirenow.com", @path_prefix="/", @proxy=nil, @builder=#<Faraday::Builder:0x007fd511c81a70 @handlers=[Faraday::Request::JSON, Faraday::Response::Mashify, Faraday::Response::ParseJson, Faraday::Response::RemoveWhitespace, Faraday::Response::RaiseOnAuthenticationFailure, Faraday::Adapter::NetHttp]>, @app=#<Faraday::Request::JSON:0x007fd511c7dbc8 @app=#<Faraday::Response::Mashify:0x007fd511c7dc18 @app=#<Faraday::Response::ParseJson:0x007fd511c7dc40 @app=#<Faraday::Response::RemoveWhitespace:0x007fd511c7dd30 @app=#<Faraday::Response::RaiseOnAuthenticationFailure:0x007fd511c7dd58 @app=#<Faraday::Adapter::NetHttp:0x007fd511c7dd80 @app=#<Proc:0x007fd511c7ddf8@/Users/phil/.rvm/gems/ruby-1.9.2-p290@nyx/gems/faraday-0.7.6/lib/faraday/connection.rb:82 (lambda)>>>>>>>>, @raw_connection=#<Faraday::Connection:0x007fd511c7f900 @headers={"authorization"=>"Basic MjQ4MTI2MDQyODliNzMzMjU0NmRiYjRmY2JlYTE1MDIxMTU2OThiNDpY"}, @params={}, @options={}, @ssl={:verify=>true}, @parallel_manager=nil, @scheme="https", @port=nil, @host="maniacalrobot.campfirenow.com", @path_prefix="/", @proxy=nil, @builder=#<Faraday::Builder:0x007fd511c7f9c8 @handlers=[Faraday::Response::Mashify, Faraday::Response::ParseJson, Faraday::Response::RemoveWhitespace, Faraday::Response::RaiseOnAuthenticationFailure, Faraday::Adapter::NetHttp]>>>, @id=474233, @name="Nyx Development", @loaded=true, @stream=#<Twitter::JSONStream:0x007fd511ba0840 @signature=3, @options={:method=>"GET", :path=>"/room/474233/live.json", :content_type=>"application/x-www-form-urlencoded", :content=>"", :host=>"streaming.campfirenow.com", :port=>443, :ssl=>true, :user_agent=>"TwitterStream", :timeout=>6, :proxy=>nil, :auth=>"24812604289b7332546dbb4fcbea1502115698b4:X", :oauth=>{}, :filters=>[], :params=>{}, :auto_reconnect=>true}, @gracefully_closed=false, @nf_last_reconnect=nil, @af_last_reconnect=nil, @reconnect_retries=0, @immediate_reconnect=false, @on_inited_callback=nil, @code=200, @headers={"Server"=>"nginx/1.0.14", "Date"=>"Mon, 19 Mar 2012 23:00:43 GMT", "Content-Type"=>"application/json", "Transfer-Encoding"=>"chunked", "Connection"=>"keep-alive"}, @state=:stream, @buffer=#<BufferedTokenizer:0x007fd511ba0430 @delimiter="\r", @size_limit=1048576, @input=[""], @input_size=0>, @stream="", @parser=#<HTTP::Parser:0x007fd511ba03b8>, @each_item_callback=#<Proc:0x007fd511ba00c0@/Users/phil/.rvm/gems/ruby-1.9.2-p290@nyx/gems/tinder-1.8.0/lib/tinder/room.rb:154>, @error_callback=#<Proc:0x007fd511b9fff8@/Users/phil/.rvm/gems/ruby-1.9.2-p290@nyx/gems/tinder-1.8.0/lib/tinder/room.rb:161>, @max_reconnects_callback=#<Proc:0x007fd511b9ffd0@/Users/phil/.rvm/gems/ruby-1.9.2-p290@nyx/gems/tinder-1.8.0/lib/tinder/room.rb:165>>, @topic="", @full=false, @open_to_guests=false, @active_token_value=nil, @users=[#<Hashie::Mash admin=true avatar_url="http://asset0.37img.com/global/missing/avatar.gif?r=3" created_at=2012-01-08 10:42:56 +0000 email_address="phil@maniacalrobot.co.uk" id=1094437 name="Phil Balchin" type="Member">, #<Hashie::Mash admin=false avatar_url="http://asset0.37img.com/global/missing/avatar.gif?r=3" created_at="2012/01/14 21:46:05 +0000" email_address="nyx@maniacalrobot.co.uk" id=1100831 name="Nyx" type="Member">]>]
room ids: [474233]
Nyx::SubSystemManager loading subsystem '/Users/phil/Sites/nyx/sub_systems/campfire/campfire.rb'
New Room ID 474233
Nyx::SubSystemManager loading subsystem '/Users/phil/Sites/nyx/sub_systems/ping/ping.rb'
Nyx::SubSystemManager loading subsystem '/Users/phil/Sites/nyx/sub_systems/pinger/pinger.rb'
Nyx::SubSystemManager loading subsystem '/Users/phil/Sites/nyx/sub_systems/profanity/profanity.rb'
Nyx::SubSystemManager loading subsystem '/Users/phil/Sites/nyx/sub_systems/status/status.rb'
#<Hashie::Mash body="ping" created_at=2012-03-19 23:01:56 +0000 id=525597937 room_id=474233 starred="false" type="TextMessage" user=#<Hashie::Mash admin=true avatar_url="http://asset0.37img.com/global/missing/avatar.gif?r=3" created_at=2012-01-08 10:42:56 +0000 email_address="phil@maniacalrobot.co.uk" id=1094437 name="Phil Balchin" type="Member">>
#process_text_message #<Hashie::Mash body="ping" created_at=2012-03-19 23:01:56 +0000 id=525597937 room_id=474233 starred="false" type="TextMessage" user=#<Hashie::Mash admin=true avatar_url="http://asset0.37img.com/global/missing/avatar.gif?r=3" created_at=2012-01-08 10:42:56 +0000 email_address="phil@maniacalrobot.co.uk" id=1094437 name="Phil Balchin" type="Member">>
From Room 474233
sending message
processing Ping#incoming_message
ping received
Reply: #<Nyx::Message:0x007fcd6c7ac010> in room: 474233 with: PONG!
campfire #<Campfire:0x007fcd6d3394c8>
rooms: [#<Tinder::Room:0x007fcd6d0b2628 @connection=#<Tinder::Connection:0x007fcd6d3393d8 @subdomain="maniacalrobot", @options={:ssl=>true, :ssl_options=>{:verify=>true}, :proxy=>nil, :token=>"24812604289b7332546dbb4fcbea1502115698b4"}, @uri=#<URI::HTTPS:0x007fcd6d338cd0 URL:https://maniacalrobot.campfirenow.com>, @token="24812604289b7332546dbb4fcbea1502115698b4", @connection=#<Faraday::Connection:0x007fcd6d0f74a8 @headers={"authorization"=>"Basic MjQ4MTI2MDQyODliNzMzMjU0NmRiYjRmY2JlYTE1MDIxMTU2OThiNDpY"}, @params={}, @options={}, @ssl={:verify=>true}, @parallel_manager=nil, @scheme="https", @port=nil, @host="maniacalrobot.campfirenow.com", @path_prefix="/", @proxy=nil, @builder=#<Faraday::Builder:0x007fcd6d0f7598 @handlers=[Faraday::Request::JSON, Faraday::Response::Mashify, Faraday::Response::ParseJson, Faraday::Response::RemoveWhitespace, Faraday::Response::RaiseOnAuthenticationFailure, Faraday::Adapter::NetHttp]>, @app=#<Faraday::Request::JSON:0x007fcd6d0efdc0 @app=#<Faraday::Response::Mashify:0x007fcd6d0efde8 @app=#<Faraday::Response::ParseJson:0x007fcd6d0efe10 @app=#<Faraday::Response::RemoveWhitespace:0x007fcd6d0efe88 @app=#<Faraday::Response::RaiseOnAuthenticationFailure:0x007fcd6d0efeb0 @app=#<Faraday::Adapter::NetHttp:0x007fcd6d0efed8 @app=#<Proc:0x007fcd6d0effa0@/Users/phil/.rvm/gems/ruby-1.9.2-p290@nyx/gems/faraday-0.7.6/lib/faraday/connection.rb:82 (lambda)>>>>>>>>, @raw_connection=#<Faraday::Connection:0x007fcd6d0f24d0 @headers={"authorization"=>"Basic MjQ4MTI2MDQyODliNzMzMjU0NmRiYjRmY2JlYTE1MDIxMTU2OThiNDpY"}, @params={}, @options={}, @ssl={:verify=>true}, @parallel_manager=nil, @scheme="https", @port=nil, @host="maniacalrobot.campfirenow.com", @path_prefix="/", @proxy=nil, @builder=#<Faraday::Builder:0x007fcd6d0f2548 @handlers=[Faraday::Response::Mashify, Faraday::Response::ParseJson, Faraday::Response::RemoveWhitespace, Faraday::Response::RaiseOnAuthenticationFailure, Faraday::Adapter::NetHttp]>>>, @id=474233, @name="Nyx Development", @loaded=true, @stream=#<Twitter::JSONStream:0x007fcd6c723eb8 @signature=3, @options={:method=>"GET", :path=>"/room/474233/live.json", :content_type=>"application/x-www-form-urlencoded", :content=>"", :host=>"streaming.campfirenow.com", :port=>443, :ssl=>true, :user_agent=>"TwitterStream", :timeout=>6, :proxy=>nil, :auth=>"24812604289b7332546dbb4fcbea1502115698b4:X", :oauth=>{}, :filters=>[], :params=>{}, :auto_reconnect=>true}, @gracefully_closed=false, @nf_last_reconnect=nil, @af_last_reconnect=nil, @reconnect_retries=0, @immediate_reconnect=false, @on_inited_callback=nil, @code=200, @headers={"Server"=>"nginx/1.0.14", "Date"=>"Mon, 19 Mar 2012 23:01:51 GMT", "Content-Type"=>"application/json", "Transfer-Encoding"=>"chunked", "Connection"=>"keep-alive"}, @state=:stream, @buffer=#<BufferedTokenizer:0x007fcd6c723a80 @delimiter="\r", @size_limit=1048576, @input=[""], @input_size=0>, @stream="", @parser=#<HTTP::Parser:0x007fcd6c7238c8>, @each_item_callback=#<Proc:0x007fcd6c7232d8@/Users/phil/.rvm/gems/ruby-1.9.2-p290@nyx/gems/tinder-1.8.0/lib/tinder/room.rb:154>, @error_callback=#<Proc:0x007fcd6c7232b0@/Users/phil/.rvm/gems/ruby-1.9.2-p290@nyx/gems/tinder-1.8.0/lib/tinder/room.rb:161>, @max_reconnects_callback=#<Proc:0x007fcd6c723288@/Users/phil/.rvm/gems/ruby-1.9.2-p290@nyx/gems/tinder-1.8.0/lib/tinder/room.rb:165>>, @topic="", @full=false, @open_to_guests=false, @active_token_value=nil, @users=[#<Hashie::Mash admin=true avatar_url="http://asset0.37img.com/global/missing/avatar.gif?r=3" created_at=2012-01-08 10:42:56 +0000 email_address="phil@maniacalrobot.co.uk" id=1094437 name="Phil Balchin" type="Member">, #<Hashie::Mash admin=false avatar_url="http://asset0.37img.com/global/missing/avatar.gif?r=3" created_at="2012/01/14 21:46:05 +0000" email_address="nyx@maniacalrobot.co.uk" id=1100831 name="Nyx" type="Member">]>]
room ids: [474233]
room #<Tinder::Room:0x007fcd6d0b2628>
#<Hashie::Mash body="PONG!" created_at=2012-03-19 23:01:59 +0000 id=525597954 room_id=474233 starred="false" type="TextMessage" user=#<Hashie::Mash admin=false avatar_url="http://asset0.37img.com/global/missing/avatar.gif?r=3" created_at=2012-01-14 21:46:05 +0000 email_address="nyx@maniacalrobot.co.uk" id=1100831 name="Nyx" type="Member">>
#process_text_message #<Hashie::Mash body="PONG!" created_at=2012-03-19 23:01:59 +0000 id=525597954 room_id=474233 starred="false" type="TextMessage" user=#<Hashie::Mash admin=false avatar_url="http://asset0.37img.com/global/missing/avatar.gif?r=3" created_at=2012-01-14 21:46:05 +0000 email_address="nyx@maniacalrobot.co.uk" id=1100831 name="Nyx" type="Member">>
From Room 474233
#<Hashie::Mash body="nyx status" created_at=2012-03-19 23:02:11 +0000 id=525598076 room_id=474233 starred="false" type="TextMessage" user=#<Hashie::Mash admin=true avatar_url="http://asset0.37img.com/global/missing/avatar.gif?r=3" created_at=2012-01-08 10:42:56 +0000 email_address="phil@maniacalrobot.co.uk" id=1094437 name="Phil Balchin" type="Member">>
#process_text_message #<Hashie::Mash body="nyx status" created_at=2012-03-19 23:02:11 +0000 id=525598076 room_id=474233 starred="false" type="TextMessage" user=#<Hashie::Mash admin=true avatar_url="http://asset0.37img.com/global/missing/avatar.gif?r=3" created_at=2012-01-08 10:42:56 +0000 email_address="phil@maniacalrobot.co.uk" id=1094437 name="Phil Balchin" type="Member">>
From Room 474233
sending message
processing Ping#incoming_message
Reply: #<Nyx::Message:0x007fcd6c6ae7a8> in room: 474233 with: Uptime: 1970-01-01 01:00:22 +0100
campfire #<Campfire:0x007fcd6d3394c8>
rooms: [#<Tinder::Room:0x007fcd6d0b2628 @connection=#<Tinder::Connection:0x007fcd6d3393d8 @subdomain="maniacalrobot", @options={:ssl=>true, :ssl_options=>{:verify=>true}, :proxy=>nil, :token=>"24812604289b7332546dbb4fcbea1502115698b4"}, @uri=#<URI::HTTPS:0x007fcd6d338cd0 URL:https://maniacalrobot.campfirenow.com>, @token="24812604289b7332546dbb4fcbea1502115698b4", @connection=#<Faraday::Connection:0x007fcd6d0f74a8 @headers={"authorization"=>"Basic MjQ4MTI2MDQyODliNzMzMjU0NmRiYjRmY2JlYTE1MDIxMTU2OThiNDpY"}, @params={}, @options={}, @ssl={:verify=>true}, @parallel_manager=nil, @scheme="https", @port=nil, @host="maniacalrobot.campfirenow.com", @path_prefix="/", @proxy=nil, @builder=#<Faraday::Builder:0x007fcd6d0f7598 @handlers=[Faraday::Request::JSON, Faraday::Response::Mashify, Faraday::Response::ParseJson, Faraday::Response::RemoveWhitespace, Faraday::Response::RaiseOnAuthenticationFailure, Faraday::Adapter::NetHttp]>, @app=#<Faraday::Request::JSON:0x007fcd6d0efdc0 @app=#<Faraday::Response::Mashify:0x007fcd6d0efde8 @app=#<Faraday::Response::ParseJson:0x007fcd6d0efe10 @app=#<Faraday::Response::RemoveWhitespace:0x007fcd6d0efe88 @app=#<Faraday::Response::RaiseOnAuthenticationFailure:0x007fcd6d0efeb0 @app=#<Faraday::Adapter::NetHttp:0x007fcd6d0efed8 @app=#<Proc:0x007fcd6d0effa0@/Users/phil/.rvm/gems/ruby-1.9.2-p290@nyx/gems/faraday-0.7.6/lib/faraday/connection.rb:82 (lambda)>>>>>>>>, @raw_connection=#<Faraday::Connection:0x007fcd6d0f24d0 @headers={"authorization"=>"Basic MjQ4MTI2MDQyODliNzMzMjU0NmRiYjRmY2JlYTE1MDIxMTU2OThiNDpY"}, @params={}, @options={}, @ssl={:verify=>true}, @parallel_manager=nil, @scheme="https", @port=nil, @host="maniacalrobot.campfirenow.com", @path_prefix="/", @proxy=nil, @builder=#<Faraday::Builder:0x007fcd6d0f2548 @handlers=[Faraday::Response::Mashify, Faraday::Response::ParseJson, Faraday::Response::RemoveWhitespace, Faraday::Response::RaiseOnAuthenticationFailure, Faraday::Adapter::NetHttp]>>>, @id=474233, @name="Nyx Development", @loaded=true, @stream=#<Twitter::JSONStream:0x007fcd6c723eb8 @signature=3, @options={:method=>"GET", :path=>"/room/474233/live.json", :content_type=>"application/x-www-form-urlencoded", :content=>"", :host=>"streaming.campfirenow.com", :port=>443, :ssl=>true, :user_agent=>"TwitterStream", :timeout=>6, :proxy=>nil, :auth=>"24812604289b7332546dbb4fcbea1502115698b4:X", :oauth=>{}, :filters=>[], :params=>{}, :auto_reconnect=>true}, @gracefully_closed=false, @nf_last_reconnect=nil, @af_last_reconnect=nil, @reconnect_retries=0, @immediate_reconnect=false, @on_inited_callback=nil, @code=200, @headers={"Server"=>"nginx/1.0.14", "Date"=>"Mon, 19 Mar 2012 23:01:51 GMT", "Content-Type"=>"application/json", "Transfer-Encoding"=>"chunked", "Connection"=>"keep-alive"}, @state=:stream, @buffer=#<BufferedTokenizer:0x007fcd6c723a80 @delimiter="\r", @size_limit=1048576, @input=[""], @input_size=0>, @stream="", @parser=#<HTTP::Parser:0x007fcd6c7238c8>, @each_item_callback=#<Proc:0x007fcd6c7232d8@/Users/phil/.rvm/gems/ruby-1.9.2-p290@nyx/gems/tinder-1.8.0/lib/tinder/room.rb:154>, @error_callback=#<Proc:0x007fcd6c7232b0@/Users/phil/.rvm/gems/ruby-1.9.2-p290@nyx/gems/tinder-1.8.0/lib/tinder/room.rb:161>, @max_reconnects_callback=#<Proc:0x007fcd6c723288@/Users/phil/.rvm/gems/ruby-1.9.2-p290@nyx/gems/tinder-1.8.0/lib/tinder/room.rb:165>>, @topic="", @full=false, @open_to_guests=false, @active_token_value=nil, @users=[#<Hashie::Mash admin=true avatar_url="http://asset0.37img.com/global/missing/avatar.gif?r=3" created_at=2012-01-08 10:42:56 +0000 email_address="phil@maniacalrobot.co.uk" id=1094437 name="Phil Balchin" type="Member">, #<Hashie::Mash admin=false avatar_url="http://asset0.37img.com/global/missing/avatar.gif?r=3" created_at="2012/01/14 21:46:05 +0000" email_address="nyx@maniacalrobot.co.uk" id=1100831 name="Nyx" type="Member">]>]
room ids: [474233]
room #<Tinder::Room:0x007fcd6d0b2628>
#<Hashie::Mash body="Uptime: 1970-01-01 01:00:22 +0100" created_at=2012-03-19 23:02:14 +0000 id=525598103 room_id=474233 starred="false" type="TextMessage" user=#<Hashie::Mash admin=false avatar_url="http://asset0.37img.com/global/missing/avatar.gif?r=3" created_at=2012-01-14 21:46:05 +0000 email_address="nyx@maniacalrobot.co.uk" id=1100831 name="Nyx" type="Member">>
#process_text_message #<Hashie::Mash body="Uptime: 1970-01-01 01:00:22 +0100" created_at=2012-03-19 23:02:14 +0000 id=525598103 room_id=474233 starred="false" type="TextMessage" user=#<Hashie::Mash admin=false avatar_url="http://asset0.37img.com/global/missing/avatar.gif?r=3" created_at=2012-01-14 21:46:05 +0000 email_address="nyx@maniacalrobot.co.uk" id=1100831 name="Nyx" type="Member">>
From Room 474233
#<Hashie::Mash body=nil created_at=2012-03-19 23:04:05 +0000 id=525599114 room_id=474233 starred="false" type="LeaveMessage" user=#<Hashie::Mash admin=true avatar_url="http://asset0.37img.com/global/missing/avatar.gif?r=3" created_at=2012-01-08 10:42:56 +0000 email_address="phil@maniacalrobot.co.uk" id=1094437 name="Phil Balchin" type="Member">>
#<Hashie::Mash body=nil created_at=2012-03-19 23:04:16 +0000 id=525599200 room_id=474233 starred="false" type="EnterMessage" user=#<Hashie::Mash admin=true avatar_url="http://asset0.37img.com/global/missing/avatar.gif?r=3" created_at=2012-01-08 10:42:56 +0000 email_address="phil@maniacalrobot.co.uk" id=1094437 name="Phil Balchin" type="Member">>
#<Hashie::Mash body="Hello #<Hashie::Mash body=nil created_at=2012-03-19 23:04:16 +0000 id=525599200 room_id=474233 starred=\"false\" type=\"EnterMessage\" user=#<Hashie::Mash admin=true avatar_url=\"http://asset0.37img.com/global/missing/avatar.gif?r=3\" created_at=2012-01-08 10:42:56 +0000 email_address=\"phil@maniacalrobot.co.uk\" id=1094437 name=\"Phil Balchin\" type=\"Member\">>" created_at=2012-03-19 23:04:18 +0000 id=525599228 room_id=474233 starred="false" type="TextMessage" user=#<Hashie::Mash admin=false avatar_url="http://asset0.37img.com/global/missing/avatar.gif?r=3" created_at=2012-01-14 21:46:05 +0000 email_address="nyx@maniacalrobot.co.uk" id=1100831 name="Nyx" type="Member">>
#process_text_message #<Hashie::Mash body="Hello #<Hashie::Mash body=nil created_at=2012-03-19 23:04:16 +0000 id=525599200 room_id=474233 starred=\"false\" type=\"EnterMessage\" user=#<Hashie::Mash admin=true avatar_url=\"http://asset0.37img.com/global/missing/avatar.gif?r=3\" created_at=2012-01-08 10:42:56 +0000 email_address=\"phil@maniacalrobot.co.uk\" id=1094437 name=\"Phil Balchin\" type=\"Member\">>" created_at=2012-03-19 23:04:18 +0000 id=525599228 room_id=474233 starred="false" type="TextMessage" user=#<Hashie::Mash admin=false avatar_url="http://asset0.37img.com/global/missing/avatar.gif?r=3" created_at=2012-01-14 21:46:05 +0000 email_address="nyx@maniacalrobot.co.uk" id=1100831 name="Nyx" type="Member">>
From Room 474233
Nyx::SubSystemManager loading subsystem '/Users/phil/Sites/nyx/sub_systems/campfire/campfire.rb'
New Room ID 474233
Nyx::SubSystemManager loading subsystem '/Users/phil/Sites/nyx/sub_systems/ping/ping.rb'
Nyx::SubSystemManager loading subsystem '/Users/phil/Sites/nyx/sub_systems/pinger/pinger.rb'
Nyx::SubSystemManager loading subsystem '/Users/phil/Sites/nyx/sub_systems/profanity/profanity.rb'
Nyx::SubSystemManager loading subsystem '/Users/phil/Sites/nyx/sub_systems/status/status.rb'
Nyx::SubSystemManager loading subsystem '/Users/phil/Sites/nyx/sub_systems/campfire/campfire.rb'
New Room ID 474233
Nyx::SubSystemManager loading subsystem '/Users/phil/Sites/nyx/sub_systems/ping/ping.rb'
Nyx::SubSystemManager loading subsystem '/Users/phil/Sites/nyx/sub_systems/pinger/pinger.rb'
Nyx::SubSystemManager loading subsystem '/Users/phil/Sites/nyx/sub_systems/profanity/profanity.rb'
Nyx::SubSystemManager loading subsystem '/Users/phil/Sites/nyx/sub_systems/status/status.rb'
Nyx::SubSystemManager loading subsystem '/Users/phil/Sites/nyx/sub_systems/campfire/campfire.rb'
New Room ID 474233
Nyx::SubSystemManager loading subsystem '/Users/phil/Sites/nyx/sub_systems/ping/ping.rb'
Nyx::SubSystemManager loading subsystem '/Users/phil/Sites/nyx/sub_systems/pinger/pinger.rb'
Nyx::SubSystemManager loading subsystem '/Users/phil/Sites/nyx/sub_systems/profanity/profanity.rb'
Nyx::SubSystemManager loading subsystem '/Users/phil/Sites/nyx/sub_systems/status/status.rb'
#<Hashie::Mash body=nil created_at=2012-03-20 13:55:00 +0000 id=525945805 room_id=474233 starred="false" type="TimestampMessage" user=nil>
#<Hashie::Mash body="ping" created_at=2012-03-20 13:56:09 +0000 id=525945806 room_id=474233 starred="false" type="TextMessage" user=#<Hashie::Mash admin=true avatar_url="http://asset0.37img.com/global/missing/avatar.gif?r=3" created_at=2012-01-08 10:42:56 +0000 email_address="phil@maniacalrobot.co.uk" id=1094437 name="Phil Balchin" type="Member">>
#process_text_message #<Hashie::Mash body="ping" created_at=2012-03-20 13:56:09 +0000 id=525945806 room_id=474233 starred="false" type="TextMessage" user=#<Hashie::Mash admin=true avatar_url="http://asset0.37img.com/global/missing/avatar.gif?r=3" created_at=2012-01-08 10:42:56 +0000 email_address="phil@maniacalrobot.co.uk" id=1094437 name="Phil Balchin" type="Member">>
From Room 474233
sending message
Reply: #<Nyx::Message:0x007fce5a5ab9e8> in room: 474233 with: PONG!
Nyx::SubSystemManager loading subsystem '/Users/phil/Sites/nyx/sub_systems/campfire/campfire.rb'
New Room ID 474233
Nyx::SubSystemManager loading subsystem '/Users/phil/Sites/nyx/sub_systems/ping/ping.rb'
Nyx::SubSystemManager loading subsystem '/Users/phil/Sites/nyx/sub_systems/pinger/pinger.rb'
Nyx::SubSystemManager loading subsystem '/Users/phil/Sites/nyx/sub_systems/profanity/profanity.rb'
Nyx::SubSystemManager loading subsystem '/Users/phil/Sites/nyx/sub_systems/status/status.rb'
#<Hashie::Mash body="ping" created_at=2012-03-20 20:13:11 +0000 id=526323538 room_id=474233 starred="false" type="TextMessage" user=#<Hashie::Mash admin=true avatar_url="http://asset0.37img.com/global/missing/avatar.gif?r=3" created_at=2012-01-08 10:42:56 +0000 email_address="phil@maniacalrobot.co.uk" id=1094437 name="Phil Balchin" type="Member">>
#process_text_message #<Hashie::Mash body="ping" created_at=2012-03-20 20:13:11 +0000 id=526323538 room_id=474233 starred="false" type="TextMessage" user=#<Hashie::Mash admin=true avatar_url="http://asset0.37img.com/global/missing/avatar.gif?r=3" created_at=2012-01-08 10:42:56 +0000 email_address="phil@maniacalrobot.co.uk" id=1094437 name="Phil Balchin" type="Member">>
From Room 474233
sending message
Reply: #<Nyx::Message:0x007f92cac908b0> in room: 474233 with: PONG!
Nyx::SubSystemManager loading subsystem '/Users/phil/Sites/nyx/sub_systems/campfire/campfire.rb'
Nyx::SubSystemManager loading subsystem '/Users/phil/Sites/nyx/sub_systems/campfire/campfire.rb'
New Room ID 474233
Nyx::SubSystemManager loading subsystem '/Users/phil/Sites/nyx/sub_systems/ping/ping.rb'
Nyx::SubSystemManager loading subsystem '/Users/phil/Sites/nyx/sub_systems/pinger/pinger.rb'
Nyx::SubSystemManager loading subsystem '/Users/phil/Sites/nyx/sub_systems/profanity/profanity.rb'
Nyx::SubSystemManager loading subsystem '/Users/phil/Sites/nyx/sub_systems/status/status.rb'
#<Hashie::Mash body="ping" created_at=2012-03-20 21:22:34 +0000 id=526394229 room_id=474233 starred="false" type="TextMessage" user=#<Hashie::Mash admin=true avatar_url="http://asset0.37img.com/global/missing/avatar.gif?r=3" created_at=2012-01-08 10:42:56 +0000 email_address="phil@maniacalrobot.co.uk" id=1094437 name="Phil Balchin" type="Member">>
#process_text_message #<Hashie::Mash body="ping" created_at=2012-03-20 21:22:34 +0000 id=526394229 room_id=474233 starred="false" type="TextMessage" user=#<Hashie::Mash admin=true avatar_url="http://asset0.37img.com/global/missing/avatar.gif?r=3" created_at=2012-01-08 10:42:56 +0000 email_address="phil@maniacalrobot.co.uk" id=1094437 name="Phil Balchin" type="Member">>
From Room 474233
Nyx::SubSystemManager loading subsystem '/Users/phil/Sites/nyx/sub_systems/campfire/campfire.rb'
New Room ID 474233
Nyx::SubSystemManager loading subsystem '/Users/phil/Sites/nyx/sub_systems/ping/ping.rb'
Nyx::SubSystemManager loading subsystem '/Users/phil/Sites/nyx/sub_systems/pinger/pinger.rb'
Nyx::SubSystemManager loading subsystem '/Users/phil/Sites/nyx/sub_systems/profanity/profanity.rb'
Nyx::SubSystemManager loading subsystem '/Users/phil/Sites/nyx/sub_systems/status/status.rb'
#<Hashie::Mash body="ping" created_at=2012-03-20 21:23:25 +0000 id=526394967 room_id=474233 starred="false" type="TextMessage" user=#<Hashie::Mash admin=true avatar_url="http://asset0.37img.com/global/missing/avatar.gif?r=3" created_at=2012-01-08 10:42:56 +0000 email_address="phil@maniacalrobot.co.uk" id=1094437 name="Phil Balchin" type="Member">>
#process_text_message #<Hashie::Mash body="ping" created_at=2012-03-20 21:23:25 +0000 id=526394967 room_id=474233 starred="false" type="TextMessage" user=#<Hashie::Mash admin=true avatar_url="http://asset0.37img.com/global/missing/avatar.gif?r=3" created_at=2012-01-08 10:42:56 +0000 email_address="phil@maniacalrobot.co.uk" id=1094437 name="Phil Balchin" type="Member">>
From Room 474233
sending message
Nyx::SubSystemManager loading subsystem '/Users/phil/Sites/nyx/sub_systems/campfire/campfire.rb'
New Room ID 474233
Nyx::SubSystemManager loading subsystem '/Users/phil/Sites/nyx/sub_systems/ping/ping.rb'
Nyx::SubSystemManager loading subsystem '/Users/phil/Sites/nyx/sub_systems/pinger/pinger.rb'
Nyx::SubSystemManager loading subsystem '/Users/phil/Sites/nyx/sub_systems/profanity/profanity.rb'
Nyx::SubSystemManager loading subsystem '/Users/phil/Sites/nyx/sub_systems/status/status.rb'
#<Hashie::Mash body=nil created_at=2012-03-20 21:30:00 +0000 id=526403385 room_id=474233 starred="false" type="TimestampMessage" user=nil>
#<Hashie::Mash body="ping" created_at=2012-03-20 21:31:34 +0000 id=526403386 room_id=474233 starred="false" type="TextMessage" user=#<Hashie::Mash admin=true avatar_url="http://asset0.37img.com/global/missing/avatar.gif?r=3" created_at=2012-01-08 10:42:56 +0000 email_address="phil@maniacalrobot.co.uk" id=1094437 name="Phil Balchin" type="Member">>
#process_text_message #<Hashie::Mash body="ping" created_at=2012-03-20 21:31:34 +0000 id=526403386 room_id=474233 starred="false" type="TextMessage" user=#<Hashie::Mash admin=true avatar_url="http://asset0.37img.com/global/missing/avatar.gif?r=3" created_at=2012-01-08 10:42:56 +0000 email_address="phil@maniacalrobot.co.uk" id=1094437 name="Phil Balchin" type="Member">>
From Room 474233
sending message
Nyx::SubSystemManager loading subsystem '/Users/phil/Sites/nyx/sub_systems/campfire/campfire.rb'
New Room ID 474233
Nyx::SubSystemManager loading subsystem '/Users/phil/Sites/nyx/sub_systems/ping/ping.rb'
Nyx::SubSystemManager loading subsystem '/Users/phil/Sites/nyx/sub_systems/pinger/pinger.rb'
Nyx::SubSystemManager loading subsystem '/Users/phil/Sites/nyx/sub_systems/profanity/profanity.rb'
Nyx::SubSystemManager loading subsystem '/Users/phil/Sites/nyx/sub_systems/status/status.rb'
Nyx::SubSystemManager loading subsystem '/Users/phil/Sites/nyx/sub_systems/campfire/campfire.rb'
New Room ID 474233
Nyx::SubSystemManager loading subsystem '/Users/phil/Sites/nyx/sub_systems/ping/ping.rb'
Nyx::SubSystemManager loading subsystem '/Users/phil/Sites/nyx/sub_systems/pinger/pinger.rb'
Nyx::SubSystemManager loading subsystem '/Users/phil/Sites/nyx/sub_systems/profanity/profanity.rb'
Nyx::SubSystemManager loading subsystem '/Users/phil/Sites/nyx/sub_systems/status/status.rb'
#<Hashie::Mash body="ping" created_at=2012-03-20 21:33:27 +0000 id=526404917 room_id=474233 starred="false" type="TextMessage" user=#<Hashie::Mash admin=true avatar_url="http://asset0.37img.com/global/missing/avatar.gif?r=3" created_at=2012-01-08 10:42:56 +0000 email_address="phil@maniacalrobot.co.uk" id=1094437 name="Phil Balchin" type="Member">>
message: #<Campfire::Message:0x007fcc2ae9db50>
sending message
campfire message room: 
Nyx::SubSystemManager loading subsystem '/Users/phil/Sites/nyx/sub_systems/campfire/campfire.rb'
New Room ID 474233
Nyx::SubSystemManager loading subsystem '/Users/phil/Sites/nyx/sub_systems/ping/ping.rb'
Nyx::SubSystemManager loading subsystem '/Users/phil/Sites/nyx/sub_systems/pinger/pinger.rb'
Nyx::SubSystemManager loading subsystem '/Users/phil/Sites/nyx/sub_systems/profanity/profanity.rb'
Nyx::SubSystemManager loading subsystem '/Users/phil/Sites/nyx/sub_systems/status/status.rb'
#<Hashie::Mash body=nil created_at=2012-03-20 21:35:00 +0000 id=526406179 room_id=474233 starred="false" type="TimestampMessage" user=nil>
#<Hashie::Mash body="ping" created_at=2012-03-20 21:35:01 +0000 id=526406180 room_id=474233 starred="false" type="TextMessage" user=#<Hashie::Mash admin=true avatar_url="http://asset0.37img.com/global/missing/avatar.gif?r=3" created_at=2012-01-08 10:42:56 +0000 email_address="phil@maniacalrobot.co.uk" id=1094437 name="Phil Balchin" type="Member">>
message: 
sending message
campfire message room: 
Nyx::SubSystemManager loading subsystem '/Users/phil/Sites/nyx/sub_systems/campfire/campfire.rb'
New Room ID 474233
Nyx::SubSystemManager loading subsystem '/Users/phil/Sites/nyx/sub_systems/ping/ping.rb'
Nyx::SubSystemManager loading subsystem '/Users/phil/Sites/nyx/sub_systems/pinger/pinger.rb'
Nyx::SubSystemManager loading subsystem '/Users/phil/Sites/nyx/sub_systems/profanity/profanity.rb'
Nyx::SubSystemManager loading subsystem '/Users/phil/Sites/nyx/sub_systems/status/status.rb'
#<Hashie::Mash body="ping" created_at=2012-03-20 21:44:10 +0000 id=526415015 room_id=474233 starred="false" type="TextMessage" user=#<Hashie::Mash admin=true avatar_url="http://asset0.37img.com/global/missing/avatar.gif?r=3" created_at=2012-01-08 10:42:56 +0000 email_address="phil@maniacalrobot.co.uk" id=1094437 name="Phil Balchin" type="Member">>
message: #<Tinder::Room:0x007fa5a445c788>
sending message
campfire message room: #<Tinder::Room:0x007fa5a445c788>
#<Hashie::Mash body="PONGER!" created_at=2012-03-20 21:44:13 +0000 id=526415034 room_id=474233 starred="false" type="TextMessage" user=#<Hashie::Mash admin=false avatar_url="http://asset0.37img.com/global/missing/avatar.gif?r=3" created_at=2012-01-14 21:46:05 +0000 email_address="nyx@maniacalrobot.co.uk" id=1100831 name="Nyx" type="Member">>
message: #<Tinder::Room:0x007fa5a445c788>
sending message
